{"meta": {"format": 3, "version": "7.13.4", "timestamp": "2026-04-26T11:46:24.362021", "branch_coverage": false, "show_contexts": false}, "files": {"backend\\__init__.py": {"executed_lines": [], "summary": {"covered_lines": 0, "num_statements": 0, "percent_covered": 100.0, "percent_covered_display": "100", "missing_lines": 0, "excluded_lines": 0, "percent_statements_covered": 100.0, "percent_statements_covered_display": "100"}, "missing_lines": [], "excluded_lines": [], "functions": {"": {"executed_lines": [], "summary": {"covered_lines": 0, "num_statements": 0, "percent_covered": 100.0, "percent_covered_display": "100", "missing_lines": 0, "excluded_lines": 0, "percent_statements_covered": 100.0, "percent_statements_covered_display": "100"}, "missing_lines": [], "excluded_lines": [], "start_line": 1}}, "classes": {"": {"executed_lines": [], "summary": {"covered_lines": 0, "num_statements": 0, "percent_covered": 100.0, "percent_covered_display": "100", "missing_lines": 0, "excluded_lines": 0, "percent_statements_covered": 100.0, "percent_statements_covered_display": "100"}, "missing_lines": [], "excluded_lines": [], "start_line": 1}}}, "backend\\database\\__init__.py": {"executed_lines": [2], "summary": {"covered_lines": 1, "num_statements": 1, "percent_covered": 100.0, "percent_covered_display": "100", "missing_lines": 0, "excluded_lines": 0, "percent_statements_covered": 100.0, "percent_statements_covered_display": "100"}, "missing_lines": [], "excluded_lines": [], "functions": {"": {"executed_lines": [2], "summary": {"covered_lines": 1, "num_statements": 1, "percent_covered": 100.0, "percent_covered_display": "100", "missing_lines": 0, "excluded_lines": 0, "percent_statements_covered": 100.0, "percent_statements_covered_display": "100"}, "missing_lines": [], "excluded_lines": [], "start_line": 1}}, "classes": {"": {"executed_lines": [2], "summary": {"covered_lines": 1, "num_statements": 1, "percent_covered": 100.0, "percent_covered_display": "100", "missing_lines": 0, "excluded_lines": 0, "percent_statements_covered": 100.0, "percent_statements_covered_display": "100"}, "missing_lines": [], "excluded_lines": [], "start_line": 1}}}, "backend\\database\\core.py": {"executed_lines": [1, 2, 4, 5, 6, 7, 8, 10, 12, 20, 23, 24, 25, 26, 29, 31, 33, 34, 35, 36, 37, 38, 39, 42, 45, 47, 48, 49, 50, 51, 56, 60, 61, 63, 64, 65, 66, 72, 76, 83, 85, 93, 95, 102, 104, 113, 114, 115, 116], "summary": {"covered_lines": 49, "num_statements": 53, "percent_covered": 92.45283018867924, "percent_covered_display": "92", "missing_lines": 4, "excluded_lines": 0, "percent_statements_covered": 92.45283018867924, "percent_statements_covered_display": "92"}, "missing_lines": [52, 53, 69, 70], "excluded_lines": [], "functions": {"get_global_db_path": {"executed_lines": [31, 33, 34, 35, 36, 37, 38, 39, 42], "summary": {"covered_lines": 9, "num_statements": 9, "percent_covered": 100.0, "percent_covered_display": "100", "missing_lines": 0, "excluded_lines": 0, "percent_statements_covered": 100.0, "percent_statements_covered_display": "100"}, "missing_lines": [], "excluded_lines": [], "start_line": 29}, "set_sqlite_pragma": {"executed_lines": [47, 48, 49, 50, 51], "summary": {"covered_lines": 5, "num_statements": 7, "percent_covered": 71.42857142857143, "percent_covered_display": "71", "missing_lines": 2, "excluded_lines": 0, "percent_statements_covered": 71.42857142857143, "percent_statements_covered_display": "71"}, "missing_lines": [52, 53], "excluded_lines": [], "start_line": 45}, "init_db": {"executed_lines": [60, 61, 63, 64, 65, 66, 72, 76, 83, 85, 93, 95, 102, 104, 113, 114, 115, 116], "summary": {"covered_lines": 18, "num_statements": 20, "percent_covered": 90.0, "percent_covered_display": "90", "missing_lines": 2, "excluded_lines": 0, "percent_statements_covered": 90.0, "percent_statements_covered_display": "90"}, "missing_lines": [69, 70], "excluded_lines": [], "start_line": 56}, "": {"executed_lines": [1, 2, 4, 5, 6, 7, 8, 10, 12, 20, 23, 24, 25, 26, 29, 45, 56], "summary": {"covered_lines": 17, "num_statements": 17, "percent_covered": 100.0, "percent_covered_display": "100", "missing_lines": 0, "excluded_lines": 0, "percent_statements_covered": 100.0, "percent_statements_covered_display": "100"}, "missing_lines": [], "excluded_lines": [], "start_line": 1}}, "classes": {"": {"executed_lines": [1, 2, 4, 5, 6, 7, 8, 10, 12, 20, 23, 24, 25, 26, 29, 31, 33, 34, 35, 36, 37, 38, 39, 42, 45, 47, 48, 49, 50, 51, 56, 60, 61, 63, 64, 65, 66, 72, 76, 83, 85, 93, 95, 102, 104, 113, 114, 115, 116], "summary": {"covered_lines": 49, "num_statements": 53, "percent_covered": 92.45283018867924, "percent_covered_display": "92", "missing_lines": 4, "excluded_lines": 0, "percent_statements_covered": 92.45283018867924, "percent_statements_covered_display": "92"}, "missing_lines": [52, 53, 69, 70], "excluded_lines": [], "start_line": 1}}}, "backend\\database\\models.py": {"executed_lines": [1, 2, 3, 4, 6, 7, 9, 10, 11, 12, 13, 14, 15, 17, 20, 23, 24, 26, 28, 29, 30, 31, 32, 33, 34, 37, 40, 41, 42, 45, 46, 47, 48, 49, 51, 54, 55, 58, 59, 62, 63, 65, 66, 69, 70, 71, 74, 75, 77, 78, 79, 80, 81, 82, 83, 84, 87, 90, 91, 93, 94, 95, 96, 97, 100, 103, 104, 106, 107, 110, 111, 113, 114, 115, 116, 117, 118, 121, 122, 124, 125, 126, 127, 128, 131], "summary": {"covered_lines": 85, "num_statements": 85, "percent_covered": 100.0, "percent_covered_display": "100", "missing_lines": 0, "excluded_lines": 0, "percent_statements_covered": 100.0, "percent_statements_covered_display": "100"}, "missing_lines": [], "excluded_lines": [], "functions": {"": {"executed_lines": [1, 2, 3, 4, 6, 7, 9, 10, 11, 12, 13, 14, 15, 17, 20, 23, 24, 26, 28, 29, 30, 31, 32, 33, 34, 37, 40, 41, 42, 45, 46, 47, 48, 49, 51, 54, 55, 58, 59, 62, 63, 65, 66, 69, 70, 71, 74, 75, 77, 78, 79, 80, 81, 82, 83, 84, 87, 90, 91, 93, 94, 95, 96, 97, 100, 103, 104, 106, 107, 110, 111, 113, 114, 115, 116, 117, 118, 121, 122, 124, 125, 126, 127, 128, 131], "summary": {"covered_lines": 85, "num_statements": 85, "percent_covered": 100.0, "percent_covered_display": "100", "missing_lines": 0, "excluded_lines": 0, "percent_statements_covered": 100.0, "percent_statements_covered_display": "100"}, "missing_lines": [], "excluded_lines": [], "start_line": 1}}, "classes": {"Project": {"executed_lines": [], "summary": {"covered_lines": 0, "num_statements": 0, "percent_covered": 100.0, "percent_covered_display": "100", "missing_lines": 0, "excluded_lines": 0, "percent_statements_covered": 100.0, "percent_statements_covered_display": "100"}, "missing_lines": [], "excluded_lines": [], "start_line": 6}, "Job": {"executed_lines": [], "summary": {"covered_lines": 0, "num_statements": 0, "percent_covered": 100.0, "percent_covered_display": "100", "missing_lines": 0, "excluded_lines": 0, "percent_statements_covered": 100.0, "percent_statements_covered_display": "100"}, "missing_lines": [], "excluded_lines": [], "start_line": 23}, "InvoiceItem": {"executed_lines": [], "summary": {"covered_lines": 0, "num_statements": 0, "percent_covered": 100.0, "percent_covered_display": "100", "missing_lines": 0, "excluded_lines": 0, "percent_statements_covered": 100.0, "percent_statements_covered_display": "100"}, "missing_lines": [], "excluded_lines": [], "start_line": 74}, "Event": {"executed_lines": [], "summary": {"covered_lines": 0, "num_statements": 0, "percent_covered": 100.0, "percent_covered_display": "100", "missing_lines": 0, "excluded_lines": 0, "percent_statements_covered": 100.0, "percent_statements_covered_display": "100"}, "missing_lines": [], "excluded_lines": [], "start_line": 90}, "Group": {"executed_lines": [], "summary": {"covered_lines": 0, "num_statements": 0, "percent_covered": 100.0, "percent_covered_display": "100", "missing_lines": 0, "excluded_lines": 0, "percent_statements_covered": 100.0, "percent_statements_covered_display": "100"}, "missing_lines": [], "excluded_lines": [], "start_line": 103}, "Stamp": {"executed_lines": [], "summary": {"covered_lines": 0, "num_statements": 0, "percent_covered": 100.0, "percent_covered_display": "100", "missing_lines": 0, "excluded_lines": 0, "percent_statements_covered": 100.0, "percent_statements_covered_display": "100"}, "missing_lines": [], "excluded_lines": [], "start_line": 110}, "Suggestion": {"executed_lines": [], "summary": {"covered_lines": 0, "num_statements": 0, "percent_covered": 100.0, "percent_covered_display": "100", "missing_lines": 0, "excluded_lines": 0, "percent_statements_covered": 100.0, "percent_statements_covered_display": "100"}, "missing_lines": [], "excluded_lines": [], "start_line": 121}, "": {"executed_lines": [1, 2, 3, 4, 6, 7, 9, 10, 11, 12, 13, 14, 15, 17, 20, 23, 24, 26, 28, 29, 30, 31, 32, 33, 34, 37, 40, 41, 42, 45, 46, 47, 48, 49, 51, 54, 55, 58, 59, 62, 63, 65, 66, 69, 70, 71, 74, 75, 77, 78, 79, 80, 81, 82, 83, 84, 87, 90, 91, 93, 94, 95, 96, 97, 100, 103, 104, 106, 107, 110, 111, 113, 114, 115, 116, 117, 118, 121, 122, 124, 125, 126, 127, 128, 131], "summary": {"covered_lines": 85, "num_statements": 85, "percent_covered": 100.0, "percent_covered_display": "100", "missing_lines": 0, "excluded_lines": 0, "percent_statements_covered": 100.0, "percent_statements_covered_display": "100"}, "missing_lines": [], "excluded_lines": [], "start_line": 1}}}, "backend\\dependencies.py": {"executed_lines": [9, 10, 12, 13, 14, 16, 18, 21, 24, 35, 36, 37, 38, 39, 42, 50, 51, 54, 61, 62, 63, 64, 65, 68, 70, 71, 72, 73, 76, 78, 79, 80, 81], "summary": {"covered_lines": 33, "num_statements": 33, "percent_covered": 100.0, "percent_covered_display": "100", "missing_lines": 0, "excluded_lines": 0, "percent_statements_covered": 100.0, "percent_statements_covered_display": "100"}, "missing_lines": [], "excluded_lines": [], "functions": {"get_engine": {"executed_lines": [35, 36, 37, 38, 39], "summary": {"covered_lines": 5, "num_statements": 5, "percent_covered": 100.0, "percent_covered_display": "100", "missing_lines": 0, "excluded_lines": 0, "percent_statements_covered": 100.0, "percent_statements_covered_display": "100"}, "missing_lines": [], "excluded_lines": [], "start_line": 24}, "set_engine": {"executed_lines": [50, 51], "summary": {"covered_lines": 2, "num_statements": 2, "percent_covered": 100.0, "percent_covered_display": "100", "missing_lines": 0, "excluded_lines": 0, "percent_statements_covered": 100.0, "percent_statements_covered_display": "100"}, "missing_lines": [], "excluded_lines": [], "start_line": 42}, "reset_engine": {"executed_lines": [61, 62, 63, 64, 65], "summary": {"covered_lines": 5, "num_statements": 5, "percent_covered": 100.0, "percent_covered_display": "100", "missing_lines": 0, "excluded_lines": 0, "percent_statements_covered": 100.0, "percent_statements_covered_display": "100"}, "missing_lines": [], "excluded_lines": [], "start_line": 54}, "get_db": {"executed_lines": [70, 71, 72, 73], "summary": {"covered_lines": 4, "num_statements": 4, "percent_covered": 100.0, "percent_covered_display": "100", "missing_lines": 0, "excluded_lines": 0, "percent_statements_covered": 100.0, "percent_statements_covered_display": "100"}, "missing_lines": [], "excluded_lines": [], "start_line": 68}, "get_sync_db": {"executed_lines": [78, 79, 80, 81], "summary": {"covered_lines": 4, "num_statements": 4, "percent_covered": 100.0, "percent_covered_display": "100", "missing_lines": 0, "excluded_lines": 0, "percent_statements_covered": 100.0, "percent_statements_covered_display": "100"}, "missing_lines": [], "excluded_lines": [], "start_line": 76}, "": {"executed_lines": [9, 10, 12, 13, 14, 16, 18, 21, 24, 42, 54, 68, 76], "summary": {"covered_lines": 13, "num_statements": 13, "percent_covered": 100.0, "percent_covered_display": "100", "missing_lines": 0, "excluded_lines": 0, "percent_statements_covered": 100.0, "percent_statements_covered_display": "100"}, "missing_lines": [], "excluded_lines": [], "start_line": 1}}, "classes": {"": {"executed_lines": [9, 10, 12, 13, 14, 16, 18, 21, 24, 35, 36, 37, 38, 39, 42, 50, 51, 54, 61, 62, 63, 64, 65, 68, 70, 71, 72, 73, 76, 78, 79, 80, 81], "summary": {"covered_lines": 33, "num_statements": 33, "percent_covered": 100.0, "percent_covered_display": "100", "missing_lines": 0, "excluded_lines": 0, "percent_statements_covered": 100.0, "percent_statements_covered_display": "100"}, "missing_lines": [], "excluded_lines": [], "start_line": 1}}}, "backend\\engine\\__init__.py": {"executed_lines": [7, 8, 11], "summary": {"covered_lines": 3, "num_statements": 3, "percent_covered": 100.0, "percent_covered_display": "100", "missing_lines": 0, "excluded_lines": 0, "percent_statements_covered": 100.0, "percent_statements_covered_display": "100"}, "missing_lines": [], "excluded_lines": [], "functions": {"": {"executed_lines": [7, 8, 11], "summary": {"covered_lines": 3, "num_statements": 3, "percent_covered": 100.0, "percent_covered_display": "100", "missing_lines": 0, "excluded_lines": 0, "percent_statements_covered": 100.0, "percent_statements_covered_display": "100"}, "missing_lines": [], "excluded_lines": [], "start_line": 1}}, "classes": {"": {"executed_lines": [7, 8, 11], "summary": {"covered_lines": 3, "num_statements": 3, "percent_covered": 100.0, "percent_covered_display": "100", "missing_lines": 0, "excluded_lines": 0, "percent_statements_covered": 100.0, "percent_statements_covered_display": "100"}, "missing_lines": [], "excluded_lines": [], "start_line": 1}}}, "backend\\engine\\archive_handler.py": {"executed_lines": [2, 3, 4, 5, 6, 7, 8, 9, 11, 14, 17, 18, 20, 39, 40, 41, 44, 45, 48, 50, 51, 52, 54, 56, 58, 59, 60, 62, 63, 64, 65, 66, 69, 70, 72, 73, 78, 79, 80, 81, 82, 95, 98, 99, 100, 101, 102, 103, 104, 105, 110, 111, 112, 113, 114, 115, 116, 117, 123, 124, 125, 128, 129], "summary": {"covered_lines": 63, "num_statements": 68, "percent_covered": 92.6470588235294, "percent_covered_display": "93", "missing_lines": 5, "excluded_lines": 0, "percent_statements_covered": 92.6470588235294, "percent_statements_covered_display": "93"}, "missing_lines": [67, 89, 93, 126, 127], "excluded_lines": [], "functions": {"ArchiveHandler.__init__": {"executed_lines": [18], "summary": {"covered_lines": 1, "num_statements": 1, "percent_covered": 100.0, "percent_covered_display": "100", "missing_lines": 0, "excluded_lines": 0, "percent_statements_covered": 100.0, "percent_statements_covered_display": "100"}, "missing_lines": [], "excluded_lines": [], "start_line": 17}, "ArchiveHandler.seal_project": {"executed_lines": [39, 40, 41, 44, 45, 48, 50, 51, 52, 54, 56, 58, 59, 60, 62, 63, 64, 65, 66, 69, 70, 72, 73, 78, 79, 80, 81, 82, 95, 98, 99, 100, 101, 102, 103, 104, 105, 110, 111, 112, 113, 114, 115, 116, 117, 123, 124, 125, 128, 129], "summary": {"covered_lines": 50, "num_statements": 55, "percent_covered": 90.9090909090909, "percent_covered_display": "91", "missing_lines": 5, "excluded_lines": 0, "percent_statements_covered": 90.9090909090909, "percent_statements_covered_display": "91"}, "missing_lines": [67, 89, 93, 126, 127], "excluded_lines": [], "start_line": 20}, "": {"executed_lines": [2, 3, 4, 5, 6, 7, 8, 9, 11, 14, 17, 20], "summary": {"covered_lines": 12, "num_statements": 12, "percent_covered": 100.0, "percent_covered_display": "100", "missing_lines": 0, "excluded_lines": 0, "percent_statements_covered": 100.0, "percent_statements_covered_display": "100"}, "missing_lines": [], "excluded_lines": [], "start_line": 1}}, "classes": {"ArchiveHandler": {"executed_lines": [18, 39, 40, 41, 44, 45, 48, 50, 51, 52, 54, 56, 58, 59, 60, 62, 63, 64, 65, 66, 69, 70, 72, 73, 78, 79, 80, 81, 82, 95, 98, 99, 100, 101, 102, 103, 104, 105, 110, 111, 112, 113, 114, 115, 116, 117, 123, 124, 125, 128, 129], "summary": {"covered_lines": 51, "num_statements": 56, "percent_covered": 91.07142857142857, "percent_covered_display": "91", "missing_lines": 5, "excluded_lines": 0, "percent_statements_covered": 91.07142857142857, "percent_statements_covered_display": "91"}, "missing_lines": [67, 89, 93, 126, 127], "excluded_lines": [], "start_line": 14}, "": {"executed_lines": [2, 3, 4, 5, 6, 7, 8, 9, 11, 14, 17, 20], "summary": {"covered_lines": 12, "num_statements": 12, "percent_covered": 100.0, "percent_covered_display": "100", "missing_lines": 0, "excluded_lines": 0, "percent_statements_covered": 100.0, "percent_statements_covered_display": "100"}, "missing_lines": [], "excluded_lines": [], "start_line": 1}}}, "backend\\engine\\cache_service.py": {"executed_lines": [1, 3, 4, 5, 6, 7, 8, 10, 11, 12, 14, 16, 19, 22, 23, 24, 26, 27, 28, 30, 31, 32, 34, 35, 37, 38, 39, 40, 41, 42, 44, 45, 46, 47, 48, 50, 51, 54, 55, 58, 59, 60, 61, 62, 65, 66, 67, 68, 71, 74, 76, 77, 78, 79, 80, 82, 83, 84, 85, 86, 87, 89, 90, 91, 92, 93, 94, 95, 97, 99, 100, 118, 119, 120, 121, 123, 124, 125, 126, 128, 129, 137, 139, 140, 141, 142, 143, 144, 148, 149, 150, 151, 152, 158, 159, 161, 162, 163, 164, 165, 166, 167, 171, 172, 173, 174, 175, 177, 183, 184, 185, 186, 187, 188, 189, 190, 191, 192, 193, 195], "summary": {"covered_lines": 120, "num_statements": 143, "percent_covered": 83.91608391608392, "percent_covered_display": "84", "missing_lines": 23, "excluded_lines": 0, "percent_statements_covered": 83.91608391608392, "percent_statements_covered_display": "84"}, "missing_lines": [56, 63, 64, 69, 70, 72, 101, 103, 104, 105, 106, 107, 108, 110, 111, 112, 113, 115, 116, 145, 146, 168, 169], "excluded_lines": [], "functions": {"CacheService.__init__": {"executed_lines": [23, 24], "summary": {"covered_lines": 2, "num_statements": 2, "percent_covered": 100.0, "percent_covered_display": "100", "missing_lines": 0, "excluded_lines": 0, "percent_statements_covered": 100.0, "percent_statements_covered_display": "100"}, "missing_lines": [], "excluded_lines": [], "start_line": 22}, "CacheService._engine_config": {"executed_lines": [27, 28], "summary": {"covered_lines": 2, "num_statements": 2, "percent_covered": 100.0, "percent_covered_display": "100", "missing_lines": 0, "excluded_lines": 0, "percent_statements_covered": 100.0, "percent_statements_covered_display": "100"}, "missing_lines": [], "excluded_lines": [], "start_line": 26}, "CacheService._image_semaphore": {"executed_lines": [31, 32], "summary": {"covered_lines": 2, "num_statements": 2, "percent_covered": 100.0, "percent_covered_display": "100", "missing_lines": 0, "excluded_lines": 0, "percent_statements_covered": 100.0, "percent_statements_covered_display": "100"}, "missing_lines": [], "excluded_lines": [], "start_line": 30}, "CacheService._optional_semaphore": {"executed_lines": [37, 38, 39, 40, 41, 42], "summary": {"covered_lines": 6, "num_statements": 6, "percent_covered": 100.0, "percent_covered_display": "100", "missing_lines": 0, "excluded_lines": 0, "percent_statements_covered": 100.0, "percent_statements_covered_display": "100"}, "missing_lines": [], "excluded_lines": [], "start_line": 35}, "CacheService._get_preview_cache_dir": {"executed_lines": [45, 46, 47, 48], "summary": {"covered_lines": 4, "num_statements": 4, "percent_covered": 100.0, "percent_covered_display": "100", "missing_lines": 0, "excluded_lines": 0, "percent_statements_covered": 100.0, "percent_statements_covered_display": "100"}, "missing_lines": [], "excluded_lines": [], "start_line": 44}, "CacheService._get_preview_format": {"executed_lines": [51, 54, 55, 58, 59, 60, 61, 62, 65, 66, 67, 68, 71, 74], "summary": {"covered_lines": 14, "num_statements": 20, "percent_covered": 70.0, "percent_covered_display": "70", "missing_lines": 6, "excluded_lines": 0, "percent_statements_covered": 70.0, "percent_statements_covered_display": "70"}, "missing_lines": [56, 63, 64, 69, 70, 72], "excluded_lines": [], "start_line": 50}, "CacheService._build_preview_cache_path": {"executed_lines": [77, 78, 79, 80], "summary": {"covered_lines": 4, "num_statements": 4, "percent_covered": 100.0, "percent_covered_display": "100", "missing_lines": 0, "excluded_lines": 0, "percent_statements_covered": 100.0, "percent_statements_covered_display": "100"}, "missing_lines": [], "excluded_lines": [], "start_line": 76}, "CacheService._render_preview": {"executed_lines": [84, 85, 86, 87, 89, 90, 91, 92, 93, 94, 95, 97], "summary": {"covered_lines": 12, "num_statements": 12, "percent_covered": 100.0, "percent_covered_display": "100", "missing_lines": 0, "excluded_lines": 0, "percent_statements_covered": 100.0, "percent_statements_covered_display": "100"}, "missing_lines": [], "excluded_lines": [], "start_line": 83}, "CacheService._render_pdf_first_page_to_bgr": {"executed_lines": [], "summary": {"covered_lines": 0, "num_statements": 13, "percent_covered": 0.0, "percent_covered_display": "0", "missing_lines": 13, "excluded_lines": 0, "percent_statements_covered": 0.0, "percent_statements_covered_display": "0"}, "missing_lines": [101, 103, 104, 105, 106, 107, 108, 110, 111, 112, 113, 115, 116], "excluded_lines": [], "start_line": 100}, "CacheService.ensure_preview_cache": {"executed_lines": [119, 120, 121, 123, 124, 125, 126, 128, 129, 137], "summary": {"covered_lines": 10, "num_statements": 10, "percent_covered": 100.0, "percent_covered_display": "100", "missing_lines": 0, "excluded_lines": 0, "percent_statements_covered": 100.0, "percent_statements_covered_display": "100"}, "missing_lines": [], "excluded_lines": [], "start_line": 118}, "CacheService.invalidate_preview_cache": {"executed_lines": [140, 141, 142, 143, 144], "summary": {"covered_lines": 5, "num_statements": 7, "percent_covered": 71.42857142857143, "percent_covered_display": "71", "missing_lines": 2, "excluded_lines": 0, "percent_statements_covered": 71.42857142857143, "percent_statements_covered_display": "71"}, "missing_lines": [145, 146], "excluded_lines": [], "start_line": 139}, "CacheService.cleanup_project_cache": {"executed_lines": [149, 150, 151, 152, 158, 159, 161, 162, 163, 164, 165, 166, 167, 171, 172, 173, 174, 175, 177], "summary": {"covered_lines": 19, "num_statements": 21, "percent_covered": 90.47619047619048, "percent_covered_display": "90", "missing_lines": 2, "excluded_lines": 0, "percent_statements_covered": 90.47619047619048, "percent_statements_covered_display": "90"}, "missing_lines": [168, 169], "excluded_lines": [], "start_line": 148}, "CacheService.cleanup_all_projects_cache": {"executed_lines": [184, 185, 186, 187, 188, 189, 190, 191, 192, 193, 195], "summary": {"covered_lines": 11, "num_statements": 11, "percent_covered": 100.0, "percent_covered_display": "100", "missing_lines": 0, "excluded_lines": 0, "percent_statements_covered": 100.0, "percent_statements_covered_display": "100"}, "missing_lines": [], "excluded_lines": [], "start_line": 183}, "": {"executed_lines": [1, 3, 4, 5, 6, 7, 8, 10, 11, 12, 14, 16, 19, 22, 26, 30, 34, 35, 44, 50, 76, 82, 83, 99, 100, 118, 139, 148, 183], "summary": {"covered_lines": 29, "num_statements": 29, "percent_covered": 100.0, "percent_covered_display": "100", "missing_lines": 0, "excluded_lines": 0, "percent_statements_covered": 100.0, "percent_statements_covered_display": "100"}, "missing_lines": [], "excluded_lines": [], "start_line": 1}}, "classes": {"CacheService": {"executed_lines": [23, 24, 27, 28, 31, 32, 37, 38, 39, 40, 41, 42, 45, 46, 47, 48, 51, 54, 55, 58, 59, 60, 61, 62, 65, 66, 67, 68, 71, 74, 77, 78, 79, 80, 84, 85, 86, 87, 89, 90, 91, 92, 93, 94, 95, 97, 119, 120, 121, 123, 124, 125, 126, 128, 129, 137, 140, 141, 142, 143, 144, 149, 150, 151, 152, 158, 159, 161, 162, 163, 164, 165, 166, 167, 171, 172, 173, 174, 175, 177, 184, 185, 186, 187, 188, 189, 190, 191, 192, 193, 195], "summary": {"covered_lines": 91, "num_statements": 114, "percent_covered": 79.82456140350877, "percent_covered_display": "80", "missing_lines": 23, "excluded_lines": 0, "percent_statements_covered": 79.82456140350877, "percent_statements_covered_display": "80"}, "missing_lines": [56, 63, 64, 69, 70, 72, 101, 103, 104, 105, 106, 107, 108, 110, 111, 112, 113, 115, 116, 145, 146, 168, 169], "excluded_lines": [], "start_line": 19}, "": {"executed_lines": [1, 3, 4, 5, 6, 7, 8, 10, 11, 12, 14, 16, 19, 22, 26, 30, 34, 35, 44, 50, 76, 82, 83, 99, 100, 118, 139, 148, 183], "summary": {"covered_lines": 29, "num_statements": 29, "percent_covered": 100.0, "percent_covered_display": "100", "missing_lines": 0, "excluded_lines": 0, "percent_statements_covered": 100.0, "percent_statements_covered_display": "100"}, "missing_lines": [], "excluded_lines": [], "start_line": 1}}}, "backend\\engine\\core.py": {"executed_lines": [13, 14, 15, 16, 17, 18, 19, 20, 22, 23, 24, 26, 27, 28, 29, 30, 31, 33, 36, 43, 53, 54, 57, 58, 59, 62, 63, 64, 72, 73, 76, 77, 80, 81, 83, 84, 85, 88, 91, 92, 95, 96, 97, 99, 101, 108, 110, 111, 116, 118, 120, 121, 123, 125, 126, 127, 128, 130, 132, 134, 135, 136, 138, 141, 147, 148, 150, 152, 154, 155, 156, 158, 159, 160, 163, 164, 165, 167, 168, 169, 170, 171, 172, 174, 182, 183, 185, 187, 189, 190, 191, 192, 193, 194, 195, 196, 198, 199, 205, 207, 208, 209, 210, 211, 213, 215, 216, 217, 218, 219, 221, 231, 232, 234, 236, 237, 238, 240, 242, 243, 244, 245, 246, 251, 262, 264, 265, 266, 267, 268, 269, 271, 272, 273, 274, 275, 277, 278, 280, 281, 282, 283, 285, 287, 288, 289, 290, 291, 292, 294, 295, 296, 298, 299, 300, 301, 307, 308, 310, 311, 312, 313, 314, 315, 317, 319, 320, 321, 322, 324, 325, 327, 328, 329, 331, 332, 333, 335, 336, 337, 339, 344, 345, 347, 348, 349, 350, 351, 352, 353, 354, 356, 369, 370, 372, 373, 374, 376, 377, 379, 380, 381, 383, 384, 386, 387, 389, 424, 425, 426, 427, 429, 431], "summary": {"covered_lines": 213, "num_statements": 245, "percent_covered": 86.93877551020408, "percent_covered_display": "87", "missing_lines": 32, "excluded_lines": 0, "percent_statements_covered": 86.93877551020408, "percent_statements_covered_display": "87"}, "missing_lines": [161, 175, 176, 340, 341, 342, 355, 357, 358, 359, 361, 391, 392, 395, 398, 401, 402, 403, 404, 405, 406, 407, 409, 410, 412, 413, 414, 415, 418, 419, 420, 422], "excluded_lines": [], "functions": {"Engine.__init__": {"executed_lines": [53, 54, 57, 58, 59, 62, 63, 64, 72, 73, 76, 77, 80, 81, 83, 84, 85, 88, 91, 92, 95, 96, 97, 99], "summary": {"covered_lines": 24, "num_statements": 24, "percent_covered": 100.0, "percent_covered_display": "100", "missing_lines": 0, "excluded_lines": 0, "percent_statements_covered": 100.0, "percent_statements_covered_display": "100"}, "missing_lines": [], "excluded_lines": [], "start_line": 43}, "Engine.update_config": {"executed_lines": [108, 110, 111, 116], "summary": {"covered_lines": 4, "num_statements": 4, "percent_covered": 100.0, "percent_covered_display": "100", "missing_lines": 0, "excluded_lines": 0, "percent_statements_covered": 100.0, "percent_statements_covered_display": "100"}, "missing_lines": [], "excluded_lines": [], "start_line": 101}, "Engine._load_config": {"executed_lines": [120, 121], "summary": {"covered_lines": 2, "num_statements": 2, "percent_covered": 100.0, "percent_covered_display": "100", "missing_lines": 0, "excluded_lines": 0, "percent_statements_covered": 100.0, "percent_statements_covered_display": "100"}, "missing_lines": [], "excluded_lines": [], "start_line": 118}, "Engine._create_project_repo": {"executed_lines": [125, 126, 127, 128, 130], "summary": {"covered_lines": 5, "num_statements": 5, "percent_covered": 100.0, "percent_covered_display": "100", "missing_lines": 0, "excluded_lines": 0, "percent_statements_covered": 100.0, "percent_statements_covered_display": "100"}, "missing_lines": [], "excluded_lines": [], "start_line": 123}, "Engine._create_receipt_processor": {"executed_lines": [134, 135, 136], "summary": {"covered_lines": 3, "num_statements": 3, "percent_covered": 100.0, "percent_covered_display": "100", "missing_lines": 0, "excluded_lines": 0, "percent_statements_covered": 100.0, "percent_statements_covered_display": "100"}, "missing_lines": [], "excluded_lines": [], "start_line": 132}, "Engine._start_global_workers": {"executed_lines": [141, 147, 148], "summary": {"covered_lines": 3, "num_statements": 3, "percent_covered": 100.0, "percent_covered_display": "100", "missing_lines": 0, "excluded_lines": 0, "percent_statements_covered": 100.0, "percent_statements_covered_display": "100"}, "missing_lines": [], "excluded_lines": [], "start_line": 138}, "Engine.recover_pending_tasks": {"executed_lines": [152, 154, 155, 156, 158, 159, 160, 163, 164, 165, 167, 168, 169, 170, 171, 172, 174], "summary": {"covered_lines": 17, "num_statements": 20, "percent_covered": 85.0, "percent_covered_display": "85", "missing_lines": 3, "excluded_lines": 0, "percent_statements_covered": 85.0, "percent_statements_covered_display": "85"}, "missing_lines": [161, 175, 176], "excluded_lines": [], "start_line": 150}, "Engine.global_db_path": {"executed_lines": [185], "summary": {"covered_lines": 1, "num_statements": 1, "percent_covered": 100.0, "percent_covered_display": "100", "missing_lines": 0, "excluded_lines": 0, "percent_statements_covered": 100.0, "percent_statements_covered_display": "100"}, "missing_lines": [], "excluded_lines": [], "start_line": 183}, "Engine.get_job_repo": {"executed_lines": [189, 190, 191, 192, 193, 194, 195, 196], "summary": {"covered_lines": 8, "num_statements": 8, "percent_covered": 100.0, "percent_covered_display": "100", "missing_lines": 0, "excluded_lines": 0, "percent_statements_covered": 100.0, "percent_statements_covered_display": "100"}, "missing_lines": [], "excluded_lines": [], "start_line": 187}, "Engine._ensure_project_editable": {"executed_lines": [199], "summary": {"covered_lines": 1, "num_statements": 1, "percent_covered": 100.0, "percent_covered_display": "100", "missing_lines": 0, "excluded_lines": 0, "percent_statements_covered": 100.0, "percent_statements_covered_display": "100"}, "missing_lines": [], "excluded_lines": [], "start_line": 198}, "Engine.enqueue_job": {"executed_lines": [207, 208, 209, 210, 211], "summary": {"covered_lines": 5, "num_statements": 5, "percent_covered": 100.0, "percent_covered_display": "100", "missing_lines": 0, "excluded_lines": 0, "percent_statements_covered": 100.0, "percent_statements_covered_display": "100"}, "missing_lines": [], "excluded_lines": [], "start_line": 205}, "Engine.claim_job": {"executed_lines": [215, 216, 217, 218, 219], "summary": {"covered_lines": 5, "num_statements": 5, "percent_covered": 100.0, "percent_covered_display": "100", "missing_lines": 0, "excluded_lines": 0, "percent_statements_covered": 100.0, "percent_statements_covered_display": "100"}, "missing_lines": [], "excluded_lines": [], "start_line": 213}, "Engine.complete_job": {"executed_lines": [231, 232], "summary": {"covered_lines": 2, "num_statements": 2, "percent_covered": 100.0, "percent_covered_display": "100", "missing_lines": 0, "excluded_lines": 0, "percent_statements_covered": 100.0, "percent_statements_covered_display": "100"}, "missing_lines": [], "excluded_lines": [], "start_line": 221}, "Engine.fail_job": {"executed_lines": [236, 237, 238], "summary": {"covered_lines": 3, "num_statements": 3, "percent_covered": 100.0, "percent_covered_display": "100", "missing_lines": 0, "excluded_lines": 0, "percent_statements_covered": 100.0, "percent_statements_covered_display": "100"}, "missing_lines": [], "excluded_lines": [], "start_line": 234}, "Engine.delete_job": {"executed_lines": [242, 243, 244, 245, 246, 251], "summary": {"covered_lines": 6, "num_statements": 6, "percent_covered": 100.0, "percent_covered_display": "100", "missing_lines": 0, "excluded_lines": 0, "percent_statements_covered": 100.0, "percent_statements_covered_display": "100"}, "missing_lines": [], "excluded_lines": [], "start_line": 240}, "Engine.run_processing": {"executed_lines": [264, 265, 266, 267, 268, 269, 271, 272, 273, 274, 275, 277, 278, 280, 281, 282, 283], "summary": {"covered_lines": 17, "num_statements": 17, "percent_covered": 100.0, "percent_covered_display": "100", "missing_lines": 0, "excluded_lines": 0, "percent_statements_covered": 100.0, "percent_statements_covered_display": "100"}, "missing_lines": [], "excluded_lines": [], "start_line": 262}, "Engine.run_single_processing": {"executed_lines": [287, 288, 289, 290, 291, 292, 294, 295, 296, 298, 299, 300, 301], "summary": {"covered_lines": 13, "num_statements": 13, "percent_covered": 100.0, "percent_covered_display": "100", "missing_lines": 0, "excluded_lines": 0, "percent_statements_covered": 100.0, "percent_statements_covered_display": "100"}, "missing_lines": [], "excluded_lines": [], "start_line": 285}, "Engine.create_project": {"executed_lines": [308], "summary": {"covered_lines": 1, "num_statements": 1, "percent_covered": 100.0, "percent_covered_display": "100", "missing_lines": 0, "excluded_lines": 0, "percent_statements_covered": 100.0, "percent_statements_covered_display": "100"}, "missing_lines": [], "excluded_lines": [], "start_line": 307}, "Engine.run_splitting": {"executed_lines": [311, 312, 313, 314, 315], "summary": {"covered_lines": 5, "num_statements": 5, "percent_covered": 100.0, "percent_covered_display": "100", "missing_lines": 0, "excluded_lines": 0, "percent_statements_covered": 100.0, "percent_statements_covered_display": "100"}, "missing_lines": [], "excluded_lines": [], "start_line": 310}, "Engine.run_split_single": {"executed_lines": [319, 320, 321, 322], "summary": {"covered_lines": 4, "num_statements": 4, "percent_covered": 100.0, "percent_covered_display": "100", "missing_lines": 0, "excluded_lines": 0, "percent_statements_covered": 100.0, "percent_statements_covered_display": "100"}, "missing_lines": [], "excluded_lines": [], "start_line": 317}, "Engine.get_raw_files": {"executed_lines": [325], "summary": {"covered_lines": 1, "num_statements": 1, "percent_covered": 100.0, "percent_covered_display": "100", "missing_lines": 0, "excluded_lines": 0, "percent_statements_covered": 100.0, "percent_statements_covered_display": "100"}, "missing_lines": [], "excluded_lines": [], "start_line": 324}, "Engine.add_project_files": {"executed_lines": [328, 329], "summary": {"covered_lines": 2, "num_statements": 2, "percent_covered": 100.0, "percent_covered_display": "100", "missing_lines": 0, "excluded_lines": 0, "percent_statements_covered": 100.0, "percent_statements_covered_display": "100"}, "missing_lines": [], "excluded_lines": [], "start_line": 327}, "Engine.rotate_image": {"executed_lines": [332, 333], "summary": {"covered_lines": 2, "num_statements": 2, "percent_covered": 100.0, "percent_covered_display": "100", "missing_lines": 0, "excluded_lines": 0, "percent_statements_covered": 100.0, "percent_statements_covered_display": "100"}, "missing_lines": [], "excluded_lines": [], "start_line": 331}, "Engine.delete_raw_file": {"executed_lines": [336, 337], "summary": {"covered_lines": 2, "num_statements": 2, "percent_covered": 100.0, "percent_covered_display": "100", "missing_lines": 0, "excluded_lines": 0, "percent_statements_covered": 100.0, "percent_statements_covered_display": "100"}, "missing_lines": [], "excluded_lines": [], "start_line": 335}, "Engine.save_manual_json": {"executed_lines": [], "summary": {"covered_lines": 0, "num_statements": 3, "percent_covered": 0.0, "percent_covered_display": "0", "missing_lines": 3, "excluded_lines": 0, "percent_statements_covered": 0.0, "percent_statements_covered_display": "0"}, "missing_lines": [340, 341, 342], "excluded_lines": [], "start_line": 339}, "Engine.cleanup_preview_cache": {"executed_lines": [345], "summary": {"covered_lines": 1, "num_statements": 1, "percent_covered": 100.0, "percent_covered_display": "100", "missing_lines": 0, "excluded_lines": 0, "percent_statements_covered": 100.0, "percent_statements_covered_display": "100"}, "missing_lines": [], "excluded_lines": [], "start_line": 344}, "Engine.optimize_jxl_storage_all_projects": {"executed_lines": [348, 349, 350, 351, 352, 353, 354, 356], "summary": {"covered_lines": 8, "num_statements": 13, "percent_covered": 61.53846153846154, "percent_covered_display": "62", "missing_lines": 5, "excluded_lines": 0, "percent_statements_covered": 61.53846153846154, "percent_statements_covered_display": "62"}, "missing_lines": [355, 357, 358, 359, 361], "excluded_lines": [], "start_line": 347}, "Engine.detect_job_sub_rects": {"executed_lines": [370], "summary": {"covered_lines": 1, "num_statements": 1, "percent_covered": 100.0, "percent_covered_display": "100", "missing_lines": 0, "excluded_lines": 0, "percent_statements_covered": 100.0, "percent_statements_covered_display": "100"}, "missing_lines": [], "excluded_lines": [], "start_line": 369}, "Engine.apply_job_resplit": {"executed_lines": [373, 374], "summary": {"covered_lines": 2, "num_statements": 2, "percent_covered": 100.0, "percent_covered_display": "100", "missing_lines": 0, "excluded_lines": 0, "percent_statements_covered": 100.0, "percent_statements_covered_display": "100"}, "missing_lines": [], "excluded_lines": [], "start_line": 372}, "Engine.detect_raw_sub_rects": {"executed_lines": [377], "summary": {"covered_lines": 1, "num_statements": 1, "percent_covered": 100.0, "percent_covered_display": "100", "missing_lines": 0, "excluded_lines": 0, "percent_statements_covered": 100.0, "percent_statements_covered_display": "100"}, "missing_lines": [], "excluded_lines": [], "start_line": 376}, "Engine.apply_raw_resplit": {"executed_lines": [380, 381], "summary": {"covered_lines": 2, "num_statements": 2, "percent_covered": 100.0, "percent_covered_display": "100", "missing_lines": 0, "excluded_lines": 0, "percent_statements_covered": 100.0, "percent_statements_covered_display": "100"}, "missing_lines": [], "excluded_lines": [], "start_line": 379}, "Engine.run_excel": {"executed_lines": [384], "summary": {"covered_lines": 1, "num_statements": 1, "percent_covered": 100.0, "percent_covered_display": "100", "missing_lines": 0, "excluded_lines": 0, "percent_statements_covered": 100.0, "percent_statements_covered_display": "100"}, "missing_lines": [], "excluded_lines": [], "start_line": 383}, "Engine.archive_project": {"executed_lines": [387], "summary": {"covered_lines": 1, "num_statements": 1, "percent_covered": 100.0, "percent_covered_display": "100", "missing_lines": 0, "excluded_lines": 0, "percent_statements_covered": 100.0, "percent_statements_covered_display": "100"}, "missing_lines": [], "excluded_lines": [], "start_line": 386}, "Engine.generate_voucher_pdf": {"executed_lines": [], "summary": {"covered_lines": 0, "num_statements": 21, "percent_covered": 0.0, "percent_covered_display": "0", "missing_lines": 21, "excluded_lines": 0, "percent_statements_covered": 0.0, "percent_statements_covered_display": "0"}, "missing_lines": [391, 392, 395, 398, 401, 402, 403, 404, 405, 406, 407, 409, 410, 412, 413, 414, 415, 418, 419, 420, 422], "excluded_lines": [], "start_line": 389}, "Engine.regenerate_project": {"executed_lines": [425, 426, 427], "summary": {"covered_lines": 3, "num_statements": 3, "percent_covered": 100.0, "percent_covered_display": "100", "missing_lines": 0, "excluded_lines": 0, "percent_statements_covered": 100.0, "percent_statements_covered_display": "100"}, "missing_lines": [], "excluded_lines": [], "start_line": 424}, "Engine.get_queue_status": {"executed_lines": [431], "summary": {"covered_lines": 1, "num_statements": 1, "percent_covered": 100.0, "percent_covered_display": "100", "missing_lines": 0, "excluded_lines": 0, "percent_statements_covered": 100.0, "percent_statements_covered_display": "100"}, "missing_lines": [], "excluded_lines": [], "start_line": 429}, "": {"executed_lines": [13, 14, 15, 16, 17, 18, 19, 20, 22, 23, 24, 26, 27, 28, 29, 30, 31, 33, 36, 43, 101, 118, 123, 132, 138, 150, 182, 183, 187, 198, 205, 213, 221, 234, 240, 262, 285, 307, 310, 317, 324, 327, 331, 335, 339, 344, 347, 369, 372, 376, 379, 383, 386, 389, 424, 429], "summary": {"covered_lines": 56, "num_statements": 56, "percent_covered": 100.0, "percent_covered_display": "100", "missing_lines": 0, "excluded_lines": 0, "percent_statements_covered": 100.0, "percent_statements_covered_display": "100"}, "missing_lines": [], "excluded_lines": [], "start_line": 1}}, "classes": {"Engine": {"executed_lines": [53, 54, 57, 58, 59, 62, 63, 64, 72, 73, 76, 77, 80, 81, 83, 84, 85, 88, 91, 92, 95, 96, 97, 99, 108, 110, 111, 116, 120, 121, 125, 126, 127, 128, 130, 134, 135, 136, 141, 147, 148, 152, 154, 155, 156, 158, 159, 160, 163, 164, 165, 167, 168, 169, 170, 171, 172, 174, 185, 189, 190, 191, 192, 193, 194, 195, 196, 199, 207, 208, 209, 210, 211, 215, 216, 217, 218, 219, 231, 232, 236, 237, 238, 242, 243, 244, 245, 246, 251, 264, 265, 266, 267, 268, 269, 271, 272, 273, 274, 275, 277, 278, 280, 281, 282, 283, 287, 288, 289, 290, 291, 292, 294, 295, 296, 298, 299, 300, 301, 308, 311, 312, 313, 314, 315, 319, 320, 321, 322, 325, 328, 329, 332, 333, 336, 337, 345, 348, 349, 350, 351, 352, 353, 354, 356, 370, 373, 374, 377, 380, 381, 384, 387, 425, 426, 427, 431], "summary": {"covered_lines": 157, "num_statements": 189, "percent_covered": 83.06878306878306, "percent_covered_display": "83", "missing_lines": 32, "excluded_lines": 0, "percent_statements_covered": 83.06878306878306, "percent_statements_covered_display": "83"}, "missing_lines": [161, 175, 176, 340, 341, 342, 355, 357, 358, 359, 361, 391, 392, 395, 398, 401, 402, 403, 404, 405, 406, 407, 409, 410, 412, 413, 414, 415, 418, 419, 420, 422], "excluded_lines": [], "start_line": 36}, "": {"executed_lines": [13, 14, 15, 16, 17, 18, 19, 20, 22, 23, 24, 26, 27, 28, 29, 30, 31, 33, 36, 43, 101, 118, 123, 132, 138, 150, 182, 183, 187, 198, 205, 213, 221, 234, 240, 262, 285, 307, 310, 317, 324, 327, 331, 335, 339, 344, 347, 369, 372, 376, 379, 383, 386, 389, 424, 429], "summary": {"covered_lines": 56, "num_statements": 56, "percent_covered": 100.0, "percent_covered_display": "100", "missing_lines": 0, "excluded_lines": 0, "percent_statements_covered": 100.0, "percent_statements_covered_display": "100"}, "missing_lines": [], "excluded_lines": [], "start_line": 1}}}, "backend\\engine\\excel_exporter.py": {"executed_lines": [2, 3, 4, 5, 6, 7, 8, 9, 10, 11, 12, 13, 15, 16, 20, 23, 24, 26, 27, 28, 29, 31, 40, 51, 52, 56, 57, 58, 60, 61, 63, 64, 65, 66, 67, 69, 72, 85, 86, 88, 89, 90, 95, 96, 97, 98, 99, 100, 104, 105, 106, 107, 111, 112, 114, 115, 117, 118, 119, 120, 125, 126, 127, 135, 139, 140, 143, 144, 145, 147, 154, 171, 172, 173, 189, 190, 197, 198, 199, 200, 201, 202, 203, 206, 207, 208, 209, 212, 213, 214, 215, 223, 224, 225, 226, 227, 228, 229, 230, 252, 253, 257, 258, 260, 262, 265, 267, 268, 269, 270, 271, 272, 273, 275, 276, 277, 278, 279, 280, 281, 282, 283, 284, 285, 286, 288, 289, 290, 291, 293], "summary": {"covered_lines": 130, "num_statements": 173, "percent_covered": 75.14450867052022, "percent_covered_display": "75", "missing_lines": 43, "excluded_lines": 0, "percent_statements_covered": 75.14450867052022, "percent_statements_covered_display": "75"}, "missing_lines": [33, 34, 35, 36, 37, 38, 53, 101, 102, 108, 109, 121, 122, 128, 129, 130, 131, 132, 141, 146, 204, 216, 217, 218, 219, 220, 221, 233, 234, 235, 236, 237, 238, 243, 244, 245, 246, 247, 248, 249, 254, 255, 263], "excluded_lines": [], "functions": {"ExcelExporter.__init__": {"executed_lines": [24], "summary": {"covered_lines": 1, "num_statements": 1, "percent_covered": 100.0, "percent_covered_display": "100", "missing_lines": 0, "excluded_lines": 0, "percent_statements_covered": 100.0, "percent_statements_covered_display": "100"}, "missing_lines": [], "excluded_lines": [], "start_line": 23}, "ExcelExporter._sanitize_windows_filename_fragment": {"executed_lines": [28, 29], "summary": {"covered_lines": 2, "num_statements": 2, "percent_covered": 100.0, "percent_covered_display": "100", "missing_lines": 0, "excluded_lines": 0, "percent_statements_covered": 100.0, "percent_statements_covered_display": "100"}, "missing_lines": [], "excluded_lines": [], "start_line": 27}, "ExcelExporter.run_excel": {"executed_lines": [], "summary": {"covered_lines": 0, "num_statements": 6, "percent_covered": 0.0, "percent_covered_display": "0", "missing_lines": 6, "excluded_lines": 0, "percent_statements_covered": 0.0, "percent_statements_covered_display": "0"}, "missing_lines": [33, 34, 35, 36, 37, 38], "excluded_lines": [], "start_line": 31}, "ExcelExporter.archive_to_excel": {"executed_lines": [51, 52, 56, 57, 58, 60, 61, 63, 64, 65, 66, 67, 69, 72, 85, 86, 88, 89, 90, 95, 96, 97, 98, 99, 100, 104, 105, 106, 107, 111, 112, 114, 115, 117, 118, 119, 120, 125, 126, 127, 135, 139, 140, 143, 144, 145, 147, 154, 171, 172, 173, 189, 190, 197, 198, 199, 200, 201, 202, 203, 206, 207, 208, 209, 212, 213, 214, 215, 223, 224, 225, 226, 227, 228, 229, 230, 252, 253, 257, 258], "summary": {"covered_lines": 80, "num_statements": 116, "percent_covered": 68.96551724137932, "percent_covered_display": "69", "missing_lines": 36, "excluded_lines": 0, "percent_statements_covered": 68.96551724137932, "percent_statements_covered_display": "69"}, "missing_lines": [53, 101, 102, 108, 109, 121, 122, 128, 129, 130, 131, 132, 141, 146, 204, 216, 217, 218, 219, 220, 221, 233, 234, 235, 236, 237, 238, 243, 244, 245, 246, 247, 248, 249, 254, 255], "excluded_lines": [], "start_line": 40}, "ExcelExporter._generate_text_from_vlm_result": {"executed_lines": [262, 265, 267, 268, 269, 270, 271, 272, 273, 275, 276, 277, 278, 279, 280, 281, 282, 283, 284, 285, 286, 288, 289, 290, 291, 293], "summary": {"covered_lines": 26, "num_statements": 27, "percent_covered": 96.29629629629629, "percent_covered_display": "96", "missing_lines": 1, "excluded_lines": 0, "percent_statements_covered": 96.29629629629629, "percent_statements_covered_display": "96"}, "missing_lines": [263], "excluded_lines": [], "start_line": 260}, "": {"executed_lines": [2, 3, 4, 5, 6, 7, 8, 9, 10, 11, 12, 13, 15, 16, 20, 23, 26, 27, 31, 40, 260], "summary": {"covered_lines": 21, "num_statements": 21, "percent_covered": 100.0, "percent_covered_display": "100", "missing_lines": 0, "excluded_lines": 0, "percent_statements_covered": 100.0, "percent_statements_covered_display": "100"}, "missing_lines": [], "excluded_lines": [], "start_line": 1}}, "classes": {"ExcelExporter": {"executed_lines": [24, 28, 29, 51, 52, 56, 57, 58, 60, 61, 63, 64, 65, 66, 67, 69, 72, 85, 86, 88, 89, 90, 95, 96, 97, 98, 99, 100, 104, 105, 106, 107, 111, 112, 114, 115, 117, 118, 119, 120, 125, 126, 127, 135, 139, 140, 143, 144, 145, 147, 154, 171, 172, 173, 189, 190, 197, 198, 199, 200, 201, 202, 203, 206, 207, 208, 209, 212, 213, 214, 215, 223, 224, 225, 226, 227, 228, 229, 230, 252, 253, 257, 258, 262, 265, 267, 268, 269, 270, 271, 272, 273, 275, 276, 277, 278, 279, 280, 281, 282, 283, 284, 285, 286, 288, 289, 290, 291, 293], "summary": {"covered_lines": 109, "num_statements": 152, "percent_covered": 71.71052631578948, "percent_covered_display": "72", "missing_lines": 43, "excluded_lines": 0, "percent_statements_covered": 71.71052631578948, "percent_statements_covered_display": "72"}, "missing_lines": [33, 34, 35, 36, 37, 38, 53, 101, 102, 108, 109, 121, 122, 128, 129, 130, 131, 132, 141, 146, 204, 216, 217, 218, 219, 220, 221, 233, 234, 235, 236, 237, 238, 243, 244, 245, 246, 247, 248, 249, 254, 255, 263], "excluded_lines": [], "start_line": 20}, "": {"executed_lines": [2, 3, 4, 5, 6, 7, 8, 9, 10, 11, 12, 13, 15, 16, 20, 23, 26, 27, 31, 40, 260], "summary": {"covered_lines": 21, "num_statements": 21, "percent_covered": 100.0, "percent_covered_display": "100", "missing_lines": 0, "excluded_lines": 0, "percent_statements_covered": 100.0, "percent_statements_covered_display": "100"}, "missing_lines": [], "excluded_lines": [], "start_line": 1}}}, "backend\\engine\\export.py": {"executed_lines": [9, 10, 11, 12, 13, 14, 16, 19, 24, 25, 26, 29, 30, 31, 34, 36, 38, 40, 43, 45, 46, 47, 48, 49, 51, 54, 62], "summary": {"covered_lines": 27, "num_statements": 28, "percent_covered": 96.42857142857143, "percent_covered_display": "96", "missing_lines": 1, "excluded_lines": 0, "percent_statements_covered": 96.42857142857143, "percent_statements_covered_display": "96"}, "missing_lines": [50], "excluded_lines": [], "functions": {"ExportHandler.__init__": {"executed_lines": [25, 26, 29, 30, 31], "summary": {"covered_lines": 5, "num_statements": 5, "percent_covered": 100.0, "percent_covered_display": "100", "missing_lines": 0, "excluded_lines": 0, "percent_statements_covered": 100.0, "percent_statements_covered_display": "100"}, "missing_lines": [], "excluded_lines": [], "start_line": 24}, "ExportHandler.run_excel": {"executed_lines": [36], "summary": {"covered_lines": 1, "num_statements": 1, "percent_covered": 100.0, "percent_covered_display": "100", "missing_lines": 0, "excluded_lines": 0, "percent_statements_covered": 100.0, "percent_statements_covered_display": "100"}, "missing_lines": [], "excluded_lines": [], "start_line": 34}, "ExportHandler.archive_to_excel": {"executed_lines": [40], "summary": {"covered_lines": 1, "num_statements": 1, "percent_covered": 100.0, "percent_covered_display": "100", "missing_lines": 0, "excluded_lines": 0, "percent_statements_covered": 100.0, "percent_statements_covered_display": "100"}, "missing_lines": [], "excluded_lines": [], "start_line": 38}, "ExportHandler.run_word": {"executed_lines": [45, 46, 47, 48, 49, 51], "summary": {"covered_lines": 6, "num_statements": 7, "percent_covered": 85.71428571428571, "percent_covered_display": "86", "missing_lines": 1, "excluded_lines": 0, "percent_statements_covered": 85.71428571428571, "percent_statements_covered_display": "86"}, "missing_lines": [50], "excluded_lines": [], "start_line": 43}, "ExportHandler.seal_project": {"executed_lines": [62], "summary": {"covered_lines": 1, "num_statements": 1, "percent_covered": 100.0, "percent_covered_display": "100", "missing_lines": 0, "excluded_lines": 0, "percent_statements_covered": 100.0, "percent_statements_covered_display": "100"}, "missing_lines": [], "excluded_lines": [], "start_line": 54}, "": {"executed_lines": [9, 10, 11, 12, 13, 14, 16, 19, 24, 34, 38, 43, 54], "summary": {"covered_lines": 13, "num_statements": 13, "percent_covered": 100.0, "percent_covered_display": "100", "missing_lines": 0, "excluded_lines": 0, "percent_statements_covered": 100.0, "percent_statements_covered_display": "100"}, "missing_lines": [], "excluded_lines": [], "start_line": 1}}, "classes": {"ExportHandler": {"executed_lines": [25, 26, 29, 30, 31, 36, 40, 45, 46, 47, 48, 49, 51, 62], "summary": {"covered_lines": 14, "num_statements": 15, "percent_covered": 93.33333333333333, "percent_covered_display": "93", "missing_lines": 1, "excluded_lines": 0, "percent_statements_covered": 93.33333333333333, "percent_statements_covered_display": "93"}, "missing_lines": [50], "excluded_lines": [], "start_line": 19}, "": {"executed_lines": [9, 10, 11, 12, 13, 14, 16, 19, 24, 34, 38, 43, 54], "summary": {"covered_lines": 13, "num_statements": 13, "percent_covered": 100.0, "percent_covered_display": "100", "missing_lines": 0, "excluded_lines": 0, "percent_statements_covered": 100.0, "percent_statements_covered_display": "100"}, "missing_lines": [], "excluded_lines": [], "start_line": 1}}}, "backend\\engine\\file_ops.py": {"executed_lines": [8, 10, 11, 12, 13, 14, 16, 17, 19, 20, 22, 23, 24, 26, 29, 32, 38, 39, 40, 41, 43, 44, 45, 47, 55, 56, 57, 59, 60, 63, 69, 70, 71, 72, 73, 76, 77, 80, 81, 82, 89, 91, 92, 93, 94, 95, 96, 97, 98, 99, 101, 102, 103, 104, 105, 106, 107, 109, 110, 111, 120, 122, 123, 124, 125], "summary": {"covered_lines": 65, "num_statements": 74, "percent_covered": 87.83783783783784, "percent_covered_display": "88", "missing_lines": 9, "excluded_lines": 0, "percent_statements_covered": 87.83783783783784, "percent_statements_covered_display": "88"}, "missing_lines": [61, 74, 78, 83, 84, 85, 86, 87, 108], "excluded_lines": [], "functions": {"FileOps.__init__": {"executed_lines": [39, 40, 41, 43, 44, 45, 47], "summary": {"covered_lines": 7, "num_statements": 7, "percent_covered": 100.0, "percent_covered_display": "100", "missing_lines": 0, "excluded_lines": 0, "percent_statements_covered": 100.0, "percent_statements_covered_display": "100"}, "missing_lines": [], "excluded_lines": [], "start_line": 38}, "FileOps._render_preview": {"executed_lines": [57], "summary": {"covered_lines": 1, "num_statements": 1, "percent_covered": 100.0, "percent_covered_display": "100", "missing_lines": 0, "excluded_lines": 0, "percent_statements_covered": 100.0, "percent_statements_covered_display": "100"}, "missing_lines": [], "excluded_lines": [], "start_line": 56}, "FileOps._render_pdf_first_page_to_bgr": {"executed_lines": [], "summary": {"covered_lines": 0, "num_statements": 1, "percent_covered": 0.0, "percent_covered_display": "0", "missing_lines": 1, "excluded_lines": 0, "percent_statements_covered": 0.0, "percent_statements_covered_display": "0"}, "missing_lines": [61], "excluded_lines": [], "start_line": 60}, "FileOps.rotate_image": {"executed_lines": [69, 70, 71, 72, 73, 76, 77, 80, 89, 91, 92, 93, 94, 95, 96, 97, 98, 99, 101, 102, 103, 104, 105, 106, 107, 109, 110, 111, 120, 122, 123, 124, 125], "summary": {"covered_lines": 33, "num_statements": 36, "percent_covered": 91.66666666666667, "percent_covered_display": "92", "missing_lines": 3, "excluded_lines": 0, "percent_statements_covered": 91.66666666666667, "percent_statements_covered_display": "92"}, "missing_lines": [74, 78, 108], "excluded_lines": [], "start_line": 63}, "FileOps.rotate_image._rotate_image_sync": {"executed_lines": [81, 82], "summary": {"covered_lines": 2, "num_statements": 7, "percent_covered": 28.571428571428573, "percent_covered_display": "29", "missing_lines": 5, "excluded_lines": 0, "percent_statements_covered": 28.571428571428573, "percent_statements_covered_display": "29"}, "missing_lines": [83, 84, 85, 86, 87], "excluded_lines": [], "start_line": 80}, "": {"executed_lines": [8, 10, 11, 12, 13, 14, 16, 17, 19, 20, 22, 23, 24, 26, 29, 32, 38, 55, 56, 59, 60, 63], "summary": {"covered_lines": 22, "num_statements": 22, "percent_covered": 100.0, "percent_covered_display": "100", "missing_lines": 0, "excluded_lines": 0, "percent_statements_covered": 100.0, "percent_statements_covered_display": "100"}, "missing_lines": [], "excluded_lines": [], "start_line": 1}}, "classes": {"FileOps": {"executed_lines": [39, 40, 41, 43, 44, 45, 47, 57, 69, 70, 71, 72, 73, 76, 77, 80, 81, 82, 89, 91, 92, 93, 94, 95, 96, 97, 98, 99, 101, 102, 103, 104, 105, 106, 107, 109, 110, 111, 120, 122, 123, 124, 125], "summary": {"covered_lines": 43, "num_statements": 52, "percent_covered": 82.6923076923077, "percent_covered_display": "83", "missing_lines": 9, "excluded_lines": 0, "percent_statements_covered": 82.6923076923077, "percent_statements_covered_display": "83"}, "missing_lines": [61, 74, 78, 83, 84, 85, 86, 87, 108], "excluded_lines": [], "start_line": 32}, "": {"executed_lines": [8, 10, 11, 12, 13, 14, 16, 17, 19, 20, 22, 23, 24, 26, 29, 32, 38, 55, 56, 59, 60, 63], "summary": {"covered_lines": 22, "num_statements": 22, "percent_covered": 100.0, "percent_covered_display": "100", "missing_lines": 0, "excluded_lines": 0, "percent_statements_covered": 100.0, "percent_statements_covered_display": "100"}, "missing_lines": [], "excluded_lines": [], "start_line": 1}}}, "backend\\engine\\file_service.py": {"executed_lines": [1, 2, 3, 4, 6, 9, 12, 14, 15, 17, 18, 19, 21, 22, 23, 24, 30, 31, 32, 33, 39, 40, 47, 48, 49, 50, 51, 53, 54, 56, 57, 58, 64, 65, 66, 67, 69, 70, 71, 72, 73, 75, 83, 84, 85, 86, 87, 89, 90, 91, 92, 93, 94, 95, 96], "summary": {"covered_lines": 55, "num_statements": 66, "percent_covered": 83.33333333333333, "percent_covered_display": "83", "missing_lines": 11, "excluded_lines": 0, "percent_statements_covered": 83.33333333333333, "percent_statements_covered_display": "83"}, "missing_lines": [26, 27, 28, 35, 36, 37, 41, 42, 43, 44, 45], "excluded_lines": [], "functions": {"FileService.__init__": {"executed_lines": [15], "summary": {"covered_lines": 1, "num_statements": 1, "percent_covered": 100.0, "percent_covered_display": "100", "missing_lines": 0, "excluded_lines": 0, "percent_statements_covered": 100.0, "percent_statements_covered_display": "100"}, "missing_lines": [], "excluded_lines": [], "start_line": 14}, "FileService._resolve_project_path": {"executed_lines": [18, 19, 21, 22, 23, 24, 30, 31, 32, 33], "summary": {"covered_lines": 10, "num_statements": 16, "percent_covered": 62.5, "percent_covered_display": "62", "missing_lines": 6, "excluded_lines": 0, "percent_statements_covered": 62.5, "percent_statements_covered_display": "62"}, "missing_lines": [26, 27, 28, 35, 36, 37], "excluded_lines": [], "start_line": 17}, "FileService._is_within_root": {"executed_lines": [], "summary": {"covered_lines": 0, "num_statements": 5, "percent_covered": 0.0, "percent_covered_display": "0", "missing_lines": 5, "excluded_lines": 0, "percent_statements_covered": 0.0, "percent_statements_covered_display": "0"}, "missing_lines": [41, 42, 43, 44, 45], "excluded_lines": [], "start_line": 40}, "FileService.get_raw_files": {"executed_lines": [48, 49, 50, 51, 53, 54, 56, 57, 58, 64, 65, 66, 67, 69, 70, 71, 72, 73, 75, 83, 84, 85, 86, 87], "summary": {"covered_lines": 24, "num_statements": 24, "percent_covered": 100.0, "percent_covered_display": "100", "missing_lines": 0, "excluded_lines": 0, "percent_statements_covered": 100.0, "percent_statements_covered_display": "100"}, "missing_lines": [], "excluded_lines": [], "start_line": 47}, "FileService.delete_raw_file": {"executed_lines": [90, 91, 92, 93, 94, 95, 96], "summary": {"covered_lines": 7, "num_statements": 7, "percent_covered": 100.0, "percent_covered_display": "100", "missing_lines": 0, "excluded_lines": 0, "percent_statements_covered": 100.0, "percent_statements_covered_display": "100"}, "missing_lines": [], "excluded_lines": [], "start_line": 89}, "": {"executed_lines": [1, 2, 3, 4, 6, 9, 12, 14, 17, 39, 40, 47, 89], "summary": {"covered_lines": 13, "num_statements": 13, "percent_covered": 100.0, "percent_covered_display": "100", "missing_lines": 0, "excluded_lines": 0, "percent_statements_covered": 100.0, "percent_statements_covered_display": "100"}, "missing_lines": [], "excluded_lines": [], "start_line": 1}}, "classes": {"FileService": {"executed_lines": [15, 18, 19, 21, 22, 23, 24, 30, 31, 32, 33, 48, 49, 50, 51, 53, 54, 56, 57, 58, 64, 65, 66, 67, 69, 70, 71, 72, 73, 75, 83, 84, 85, 86, 87, 90, 91, 92, 93, 94, 95, 96], "summary": {"covered_lines": 42, "num_statements": 53, "percent_covered": 79.24528301886792, "percent_covered_display": "79", "missing_lines": 11, "excluded_lines": 0, "percent_statements_covered": 79.24528301886792, "percent_statements_covered_display": "79"}, "missing_lines": [26, 27, 28, 35, 36, 37, 41, 42, 43, 44, 45], "excluded_lines": [], "start_line": 9}, "": {"executed_lines": [1, 2, 3, 4, 6, 9, 12, 14, 17, 39, 40, 47, 89], "summary": {"covered_lines": 13, "num_statements": 13, "percent_covered": 100.0, "percent_covered_display": "100", "missing_lines": 0, "excluded_lines": 0, "percent_statements_covered": 100.0, "percent_statements_covered_display": "100"}, "missing_lines": [], "excluded_lines": [], "start_line": 1}}}, "backend\\engine\\image_service.py": {"executed_lines": [1, 2, 3, 4, 5, 6, 7, 8, 9, 10, 11, 12, 13, 14, 15, 16, 21, 23, 26, 27, 35, 36, 37, 38, 39, 41, 42, 43, 44, 45, 47, 48, 49, 51, 52, 53, 54, 55, 56, 57, 58, 60, 61, 63, 64, 66, 67, 69, 70, 72, 73, 74, 76, 77, 78, 80, 81, 82, 83, 84, 85, 87, 88, 90, 91, 93, 94, 95, 98, 104, 105, 106, 107, 109, 110, 111, 113, 114, 115, 116, 118, 120, 121, 122, 124, 125, 126, 130, 131, 132, 133, 134, 135, 137, 139, 140, 141, 147, 148, 149, 151, 152, 153, 154, 156, 157, 159, 160, 161, 162, 164, 165, 166, 168, 169, 170, 171, 173, 174, 177, 178, 179, 180, 181, 182, 183, 185, 186, 188, 189, 192, 193, 194, 196, 198, 199, 200, 202, 203, 204, 205, 207, 208, 210, 211, 212, 214, 216, 226, 227, 235, 236, 237, 238, 240, 242, 243, 244, 249, 250, 251, 253, 254, 256, 257, 260, 264, 265, 266, 267, 271, 274, 275, 276, 279, 286, 287, 288, 291, 292, 293, 294, 295, 296, 298, 301, 302, 303, 304, 305, 306, 309, 310, 311, 318, 323, 325, 327, 328, 329, 330, 331, 332, 333, 335, 337, 340, 344, 346, 348, 349, 350, 352, 353, 354, 355, 357, 360, 361, 362, 375, 376, 378, 379, 386, 389, 390, 392, 394, 395, 396, 397, 398, 401, 402, 403, 410, 412, 413, 414, 415, 417, 418, 419, 420, 421, 422, 423, 425, 426, 427, 429, 430, 431, 438, 440, 441, 442, 443, 444, 445, 446, 447, 448, 450, 451, 452, 453, 454, 455, 456, 458, 459, 460, 461, 475, 477, 478, 479, 480, 482, 483, 484, 485, 486, 487, 495, 496, 497, 498, 499, 506, 507, 508, 509, 510, 512, 513, 514, 515, 516, 518, 519, 520, 522, 523, 525, 526, 527, 528, 529, 530, 532, 533, 535, 543, 544, 545, 546, 547, 548, 556, 557, 558, 559, 560, 569, 570, 571, 572, 573, 574, 575, 577, 578, 579, 580, 582, 583, 584, 585, 589, 590, 591, 595, 596, 597, 600, 601, 605, 606, 613, 614, 618, 619, 620, 621, 629, 635, 637, 638, 639, 640, 641, 642, 643, 650, 658, 665, 666, 667, 668, 670, 671, 672, 675, 676, 677, 682, 683, 686, 687, 688, 690, 691, 698, 699, 700, 701, 709, 710, 716, 717, 719, 721, 722, 723, 724, 725, 726, 728, 735, 736, 738, 739, 740, 742, 744, 745, 746, 747, 748, 750, 751, 752, 754, 756, 757, 758, 760, 761, 762, 764, 765, 766, 767, 769, 776, 777, 779, 780, 781, 783, 790, 791, 793, 794, 802, 803, 804, 806, 807, 808, 810, 811, 812, 814, 815, 816, 818, 819, 820, 826, 832, 833, 835, 836, 837, 839], "summary": {"covered_lines": 459, "num_statements": 526, "percent_covered": 87.26235741444867, "percent_covered_display": "87", "missing_lines": 67, "excluded_lines": 0, "percent_statements_covered": 87.26235741444867, "percent_statements_covered_display": "87"}, "missing_lines": [89, 92, 96, 97, 117, 127, 128, 175, 187, 190, 191, 245, 246, 247, 258, 268, 269, 272, 277, 278, 307, 308, 316, 317, 320, 321, 365, 366, 370, 371, 372, 373, 399, 400, 408, 409, 432, 433, 434, 435, 436, 457, 517, 531, 586, 587, 592, 593, 598, 602, 603, 615, 616, 626, 627, 644, 645, 646, 647, 648, 673, 678, 679, 680, 684, 706, 707], "excluded_lines": [], "functions": {"ImageService.__init__": {"executed_lines": [35, 36, 37, 38, 39], "summary": {"covered_lines": 5, "num_statements": 5, "percent_covered": 100.0, "percent_covered_display": "100", "missing_lines": 0, "excluded_lines": 0, "percent_statements_covered": 100.0, "percent_statements_covered_display": "100"}, "missing_lines": [], "excluded_lines": [], "start_line": 27}, "ImageService._cache_service": {"executed_lines": [42, 43, 44, 45], "summary": {"covered_lines": 4, "num_statements": 4, "percent_covered": 100.0, "percent_covered_display": "100", "missing_lines": 0, "excluded_lines": 0, "percent_statements_covered": 100.0, "percent_statements_covered_display": "100"}, "missing_lines": [], "excluded_lines": [], "start_line": 41}, "ImageService._image_semaphore": {"executed_lines": [48, 49], "summary": {"covered_lines": 2, "num_statements": 2, "percent_covered": 100.0, "percent_covered_display": "100", "missing_lines": 0, "excluded_lines": 0, "percent_statements_covered": 100.0, "percent_statements_covered_display": "100"}, "missing_lines": [], "excluded_lines": [], "start_line": 47}, "ImageService._optional_semaphore": {"executed_lines": [53, 54, 55, 56, 57, 58], "summary": {"covered_lines": 6, "num_statements": 6, "percent_covered": 100.0, "percent_covered_display": "100", "missing_lines": 0, "excluded_lines": 0, "percent_statements_covered": 100.0, "percent_statements_covered_display": "100"}, "missing_lines": [], "excluded_lines": [], "start_line": 52}, "ImageService.ensure_preview_cache": {"executed_lines": [61], "summary": {"covered_lines": 1, "num_statements": 1, "percent_covered": 100.0, "percent_covered_display": "100", "missing_lines": 0, "excluded_lines": 0, "percent_statements_covered": 100.0, "percent_statements_covered_display": "100"}, "missing_lines": [], "excluded_lines": [], "start_line": 60}, "ImageService.invalidate_preview_cache": {"executed_lines": [64], "summary": {"covered_lines": 1, "num_statements": 1, "percent_covered": 100.0, "percent_covered_display": "100", "missing_lines": 0, "excluded_lines": 0, "percent_statements_covered": 100.0, "percent_statements_covered_display": "100"}, "missing_lines": [], "excluded_lines": [], "start_line": 63}, "ImageService.cleanup_project_cache": {"executed_lines": [67], "summary": {"covered_lines": 1, "num_statements": 1, "percent_covered": 100.0, "percent_covered_display": "100", "missing_lines": 0, "excluded_lines": 0, "percent_statements_covered": 100.0, "percent_statements_covered_display": "100"}, "missing_lines": [], "excluded_lines": [], "start_line": 66}, "ImageService.cleanup_all_projects_cache": {"executed_lines": [70], "summary": {"covered_lines": 1, "num_statements": 1, "percent_covered": 100.0, "percent_covered_display": "100", "missing_lines": 0, "excluded_lines": 0, "percent_statements_covered": 100.0, "percent_statements_covered_display": "100"}, "missing_lines": [], "excluded_lines": [], "start_line": 69}, "ImageService._engine_config": {"executed_lines": [73, 74], "summary": {"covered_lines": 2, "num_statements": 2, "percent_covered": 100.0, "percent_covered_display": "100", "missing_lines": 0, "excluded_lines": 0, "percent_statements_covered": 100.0, "percent_statements_covered_display": "100"}, "missing_lines": [], "excluded_lines": [], "start_line": 72}, "ImageService._thumb_max_width": {"executed_lines": [77, 78], "summary": {"covered_lines": 2, "num_statements": 2, "percent_covered": 100.0, "percent_covered_display": "100", "missing_lines": 0, "excluded_lines": 0, "percent_statements_covered": 100.0, "percent_statements_covered_display": "100"}, "missing_lines": [], "excluded_lines": [], "start_line": 76}, "ImageService._deferred_gc_queue": {"executed_lines": [81, 82, 83, 84, 85], "summary": {"covered_lines": 5, "num_statements": 5, "percent_covered": 100.0, "percent_covered_display": "100", "missing_lines": 0, "excluded_lines": 0, "percent_statements_covered": 100.0, "percent_statements_covered_display": "100"}, "missing_lines": [], "excluded_lines": [], "start_line": 80}, "ImageService._enqueue_deferred_file_gc": {"executed_lines": [88, 90, 91, 93, 94, 95, 98], "summary": {"covered_lines": 7, "num_statements": 11, "percent_covered": 63.63636363636363, "percent_covered_display": "64", "missing_lines": 4, "excluded_lines": 0, "percent_statements_covered": 63.63636363636363, "percent_statements_covered_display": "64"}, "missing_lines": [89, 92, 96, 97], "excluded_lines": [], "start_line": 87}, "ImageService.flush_deferred_gc": {"executed_lines": [105, 106, 107, 109, 110, 111, 113, 114, 115, 116, 118, 120, 121, 122, 124, 125, 126, 130, 131, 132, 133, 134, 135, 137, 139, 140, 141], "summary": {"covered_lines": 27, "num_statements": 30, "percent_covered": 90.0, "percent_covered_display": "90", "missing_lines": 3, "excluded_lines": 0, "percent_statements_covered": 90.0, "percent_statements_covered_display": "90"}, "missing_lines": [117, 127, 128], "excluded_lines": [], "start_line": 104}, "ImageService._codec_adapter": {"executed_lines": [148, 149], "summary": {"covered_lines": 2, "num_statements": 2, "percent_covered": 100.0, "percent_covered_display": "100", "missing_lines": 0, "excluded_lines": 0, "percent_statements_covered": 100.0, "percent_statements_covered_display": "100"}, "missing_lines": [], "excluded_lines": [], "start_line": 147}, "ImageService._resolve_project_path": {"executed_lines": [152, 153, 154, 156, 157, 159, 160, 161, 162, 164, 165, 166, 168, 169, 170, 171, 173, 174], "summary": {"covered_lines": 18, "num_statements": 19, "percent_covered": 94.73684210526316, "percent_covered_display": "95", "missing_lines": 1, "excluded_lines": 0, "percent_statements_covered": 94.73684210526316, "percent_statements_covered_display": "95"}, "missing_lines": [175], "excluded_lines": [], "start_line": 151}, "ImageService._is_within_root": {"executed_lines": [179, 180, 181, 182, 183], "summary": {"covered_lines": 5, "num_statements": 5, "percent_covered": 100.0, "percent_covered_display": "100", "missing_lines": 0, "excluded_lines": 0, "percent_statements_covered": 100.0, "percent_statements_covered_display": "100"}, "missing_lines": [], "excluded_lines": [], "start_line": 178}, "ImageService._safe_delete_file": {"executed_lines": [186, 188, 189, 192, 193, 194, 196], "summary": {"covered_lines": 7, "num_statements": 10, "percent_covered": 70.0, "percent_covered_display": "70", "missing_lines": 3, "excluded_lines": 0, "percent_statements_covered": 70.0, "percent_statements_covered_display": "70"}, "missing_lines": [187, 190, 191], "excluded_lines": [], "start_line": 185}, "ImageService._warp_by_points": {"executed_lines": [200, 202, 203, 204, 205, 207, 208, 210, 211, 212, 214, 216, 226, 227], "summary": {"covered_lines": 14, "num_statements": 14, "percent_covered": 100.0, "percent_covered_display": "100", "missing_lines": 0, "excluded_lines": 0, "percent_statements_covered": 100.0, "percent_statements_covered_display": "100"}, "missing_lines": [], "excluded_lines": [], "start_line": 199}, "ImageService.run_splitting": {"executed_lines": [236, 237, 238, 240, 242, 243, 244], "summary": {"covered_lines": 7, "num_statements": 10, "percent_covered": 70.0, "percent_covered_display": "70", "missing_lines": 3, "excluded_lines": 0, "percent_statements_covered": 70.0, "percent_statements_covered_display": "70"}, "missing_lines": [245, 246, 247], "excluded_lines": [], "start_line": 235}, "ImageService._prepare_tasks": {"executed_lines": [250, 251, 253, 254, 256, 257, 260, 264, 265, 266, 267, 271, 274, 275, 276, 279, 286, 287, 288, 291, 292, 293, 294, 295, 296, 298, 301, 302, 303, 304, 305, 306, 309, 310, 311, 318], "summary": {"covered_lines": 36, "num_statements": 48, "percent_covered": 75.0, "percent_covered_display": "75", "missing_lines": 12, "excluded_lines": 0, "percent_statements_covered": 75.0, "percent_statements_covered_display": "75"}, "missing_lines": [258, 268, 269, 272, 277, 278, 307, 308, 316, 317, 320, 321], "excluded_lines": [], "start_line": 249}, "ImageService.get_raw_files": {"executed_lines": [325], "summary": {"covered_lines": 1, "num_statements": 1, "percent_covered": 100.0, "percent_covered_display": "100", "missing_lines": 0, "excluded_lines": 0, "percent_statements_covered": 100.0, "percent_statements_covered_display": "100"}, "missing_lines": [], "excluded_lines": [], "start_line": 323}, "ImageService.add_project_files": {"executed_lines": [328, 329, 330, 331, 332, 333, 335, 337, 340, 344, 346, 348, 349, 350, 352, 353, 354, 355, 357, 360, 361, 362, 375, 376, 378, 379, 386, 389, 390, 392, 394, 395, 396, 397, 398, 401, 402, 403, 410, 412, 413, 414, 415], "summary": {"covered_lines": 43, "num_statements": 53, "percent_covered": 81.13207547169812, "percent_covered_display": "81", "missing_lines": 10, "excluded_lines": 0, "percent_statements_covered": 81.13207547169812, "percent_statements_covered_display": "81"}, "missing_lines": [365, 366, 370, 371, 372, 373, 399, 400, 408, 409], "excluded_lines": [], "start_line": 327}, "ImageService.rotate_image": {"executed_lines": [418, 419, 420, 421, 422, 423, 425, 426, 427, 429, 438, 440, 441, 442, 443, 444, 445, 446, 447, 448, 450, 451, 452, 453, 454, 455, 456, 458, 459, 460, 461, 475, 477, 478, 479, 480], "summary": {"covered_lines": 36, "num_statements": 37, "percent_covered": 97.29729729729729, "percent_covered_display": "97", "missing_lines": 1, "excluded_lines": 0, "percent_statements_covered": 97.29729729729729, "percent_statements_covered_display": "97"}, "missing_lines": [457], "excluded_lines": [], "start_line": 417}, "ImageService.rotate_image._rotate_image_sync": {"executed_lines": [430, 431], "summary": {"covered_lines": 2, "num_statements": 7, "percent_covered": 28.571428571428573, "percent_covered_display": "29", "missing_lines": 5, "excluded_lines": 0, "percent_statements_covered": 28.571428571428573, "percent_statements_covered_display": "29"}, "missing_lines": [432, 433, 434, 435, 436], "excluded_lines": [], "start_line": 429}, "ImageService.delete_job_files": {"executed_lines": [483, 484, 485, 486, 487, 495, 496, 497, 498, 499, 506, 507, 508, 509, 510, 512, 513, 514, 515, 516, 518, 519, 520, 522, 523, 525, 526, 527, 528, 529, 530, 532, 533, 535], "summary": {"covered_lines": 34, "num_statements": 36, "percent_covered": 94.44444444444444, "percent_covered_display": "94", "missing_lines": 2, "excluded_lines": 0, "percent_statements_covered": 94.44444444444444, "percent_statements_covered_display": "94"}, "missing_lines": [517, 531], "excluded_lines": [], "start_line": 482}, "ImageService.optimize_jxl_storage": {"executed_lines": [544, 545, 546, 547, 548, 556, 557, 558, 559, 560, 569, 570, 571, 572, 573, 574, 575, 577, 578, 579, 580, 582, 583, 584, 585, 589, 590, 591, 595, 596, 597, 600, 601, 605, 606, 613, 614, 618, 619, 620, 621, 629, 635, 637, 638, 639, 640, 641, 642, 643, 650], "summary": {"covered_lines": 51, "num_statements": 67, "percent_covered": 76.11940298507463, "percent_covered_display": "76", "missing_lines": 16, "excluded_lines": 0, "percent_statements_covered": 76.11940298507463, "percent_statements_covered_display": "76"}, "missing_lines": [586, 587, 592, 593, 598, 602, 603, 615, 616, 626, 627, 644, 645, 646, 647, 648], "excluded_lines": [], "start_line": 543}, "ImageService._create_resplit_jobs_from_source": {"executed_lines": [665, 666, 667, 668, 670, 671, 672, 675, 676, 677, 682, 683, 686, 687, 688, 690, 691, 698, 699, 700, 701, 709, 710, 716, 717, 719], "summary": {"covered_lines": 26, "num_statements": 33, "percent_covered": 78.78787878787878, "percent_covered_display": "79", "missing_lines": 7, "excluded_lines": 0, "percent_statements_covered": 78.78787878787878, "percent_statements_covered_display": "79"}, "missing_lines": [673, 678, 679, 680, 684, 706, 707], "excluded_lines": [], "start_line": 658}, "ImageService.detect_job_sub_rects": {"executed_lines": [722, 723, 724, 725, 726, 728, 735, 736, 738, 739, 740, 742], "summary": {"covered_lines": 12, "num_statements": 12, "percent_covered": 100.0, "percent_covered_display": "100", "missing_lines": 0, "excluded_lines": 0, "percent_statements_covered": 100.0, "percent_statements_covered_display": "100"}, "missing_lines": [], "excluded_lines": [], "start_line": 721}, "ImageService.detect_raw_sub_rects": {"executed_lines": [745, 746, 747, 748, 750, 751, 752, 754], "summary": {"covered_lines": 8, "num_statements": 8, "percent_covered": 100.0, "percent_covered_display": "100", "missing_lines": 0, "excluded_lines": 0, "percent_statements_covered": 100.0, "percent_statements_covered_display": "100"}, "missing_lines": [], "excluded_lines": [], "start_line": 744}, "ImageService.apply_job_resplit": {"executed_lines": [757, 758, 760, 761, 762, 764, 765, 766, 767, 769, 776, 777, 779, 780, 781, 783, 790, 791, 793, 794], "summary": {"covered_lines": 20, "num_statements": 20, "percent_covered": 100.0, "percent_covered_display": "100", "missing_lines": 0, "excluded_lines": 0, "percent_statements_covered": 100.0, "percent_statements_covered_display": "100"}, "missing_lines": [], "excluded_lines": [], "start_line": 756}, "ImageService.apply_raw_resplit": {"executed_lines": [803, 804, 806, 807, 808, 810, 811, 812, 814, 815, 816, 818, 819, 820, 826, 832, 833, 835, 836, 837, 839], "summary": {"covered_lines": 21, "num_statements": 21, "percent_covered": 100.0, "percent_covered_display": "100", "missing_lines": 0, "excluded_lines": 0, "percent_statements_covered": 100.0, "percent_statements_covered_display": "100"}, "missing_lines": [], "excluded_lines": [], "start_line": 802}, "": {"executed_lines": [1, 2, 3, 4, 5, 6, 7, 8, 9, 10, 11, 12, 13, 14, 15, 16, 21, 23, 26, 27, 41, 47, 51, 52, 60, 63, 66, 69, 72, 76, 80, 87, 104, 147, 151, 177, 178, 185, 198, 199, 235, 249, 323, 327, 417, 482, 543, 658, 721, 744, 756, 802], "summary": {"covered_lines": 52, "num_statements": 52, "percent_covered": 100.0, "percent_covered_display": "100", "missing_lines": 0, "excluded_lines": 0, "percent_statements_covered": 100.0, "percent_statements_covered_display": "100"}, "missing_lines": [], "excluded_lines": [], "start_line": 1}}, "classes": {"ImageService": {"executed_lines": [35, 36, 37, 38, 39, 42, 43, 44, 45, 48, 49, 53, 54, 55, 56, 57, 58, 61, 64, 67, 70, 73, 74, 77, 78, 81, 82, 83, 84, 85, 88, 90, 91, 93, 94, 95, 98, 105, 106, 107, 109, 110, 111, 113, 114, 115, 116, 118, 120, 121, 122, 124, 125, 126, 130, 131, 132, 133, 134, 135, 137, 139, 140, 141, 148, 149, 152, 153, 154, 156, 157, 159, 160, 161, 162, 164, 165, 166, 168, 169, 170, 171, 173, 174, 179, 180, 181, 182, 183, 186, 188, 189, 192, 193, 194, 196, 200, 202, 203, 204, 205, 207, 208, 210, 211, 212, 214, 216, 226, 227, 236, 237, 238, 240, 242, 243, 244, 250, 251, 253, 254, 256, 257, 260, 264, 265, 266, 267, 271, 274, 275, 276, 279, 286, 287, 288, 291, 292, 293, 294, 295, 296, 298, 301, 302, 303, 304, 305, 306, 309, 310, 311, 318, 325, 328, 329, 330, 331, 332, 333, 335, 337, 340, 344, 346, 348, 349, 350, 352, 353, 354, 355, 357, 360, 361, 362, 375, 376, 378, 379, 386, 389, 390, 392, 394, 395, 396, 397, 398, 401, 402, 403, 410, 412, 413, 414, 415, 418, 419, 420, 421, 422, 423, 425, 426, 427, 429, 430, 431, 438, 440, 441, 442, 443, 444, 445, 446, 447, 448, 450, 451, 452, 453, 454, 455, 456, 458, 459, 460, 461, 475, 477, 478, 479, 480, 483, 484, 485, 486, 487, 495, 496, 497, 498, 499, 506, 507, 508, 509, 510, 512, 513, 514, 515, 516, 518, 519, 520, 522, 523, 525, 526, 527, 528, 529, 530, 532, 533, 535, 544, 545, 546, 547, 548, 556, 557, 558, 559, 560, 569, 570, 571, 572, 573, 574, 575, 577, 578, 579, 580, 582, 583, 584, 585, 589, 590, 591, 595, 596, 597, 600, 601, 605, 606, 613, 614, 618, 619, 620, 621, 629, 635, 637, 638, 639, 640, 641, 642, 643, 650, 665, 666, 667, 668, 670, 671, 672, 675, 676, 677, 682, 683, 686, 687, 688, 690, 691, 698, 699, 700, 701, 709, 710, 716, 717, 719, 722, 723, 724, 725, 726, 728, 735, 736, 738, 739, 740, 742, 745, 746, 747, 748, 750, 751, 752, 754, 757, 758, 760, 761, 762, 764, 765, 766, 767, 769, 776, 777, 779, 780, 781, 783, 790, 791, 793, 794, 803, 804, 806, 807, 808, 810, 811, 812, 814, 815, 816, 818, 819, 820, 826, 832, 833, 835, 836, 837, 839], "summary": {"covered_lines": 407, "num_statements": 474, "percent_covered": 85.86497890295358, "percent_covered_display": "86", "missing_lines": 67, "excluded_lines": 0, "percent_statements_covered": 85.86497890295358, "percent_statements_covered_display": "86"}, "missing_lines": [89, 92, 96, 97, 117, 127, 128, 175, 187, 190, 191, 245, 246, 247, 258, 268, 269, 272, 277, 278, 307, 308, 316, 317, 320, 321, 365, 366, 370, 371, 372, 373, 399, 400, 408, 409, 432, 433, 434, 435, 436, 457, 517, 531, 586, 587, 592, 593, 598, 602, 603, 615, 616, 626, 627, 644, 645, 646, 647, 648, 673, 678, 679, 680, 684, 706, 707], "excluded_lines": [], "start_line": 26}, "": {"executed_lines": [1, 2, 3, 4, 5, 6, 7, 8, 9, 10, 11, 12, 13, 14, 15, 16, 21, 23, 26, 27, 41, 47, 51, 52, 60, 63, 66, 69, 72, 76, 80, 87, 104, 147, 151, 177, 178, 185, 198, 199, 235, 249, 323, 327, 417, 482, 543, 658, 721, 744, 756, 802], "summary": {"covered_lines": 52, "num_statements": 52, "percent_covered": 100.0, "percent_covered_display": "100", "missing_lines": 0, "excluded_lines": 0, "percent_statements_covered": 100.0, "percent_statements_covered_display": "100"}, "missing_lines": [], "excluded_lines": [], "start_line": 1}}}, "backend\\engine\\regeneration_handler.py": {"executed_lines": [2, 3, 4, 5, 6, 8, 11, 14, 15, 16, 18, 33, 34, 36, 39, 40, 41, 42, 43, 44, 45, 46, 49, 50, 56, 57, 58, 60, 61, 62, 64, 65, 68, 69, 70, 71, 72, 73, 75, 76, 77, 79, 80, 83, 86, 101, 104, 106, 109, 110, 111, 112, 113, 114], "summary": {"covered_lines": 54, "num_statements": 60, "percent_covered": 90.0, "percent_covered_display": "90", "missing_lines": 6, "excluded_lines": 0, "percent_statements_covered": 90.0, "percent_statements_covered_display": "90"}, "missing_lines": [51, 52, 53, 115, 116, 117], "excluded_lines": [], "functions": {"RegenerationHandler.__init__": {"executed_lines": [15, 16], "summary": {"covered_lines": 2, "num_statements": 2, "percent_covered": 100.0, "percent_covered_display": "100", "missing_
[...]
nt_covered": 80.0, "percent_covered_display": "80", "missing_lines": 1, "excluded_lines": 0, "percent_statements_covered": 80.0, "percent_statements_covered_display": "80"}, "missing_lines": [188], "excluded_lines": [], "start_line": 183}, "get_voucher_text_config": {"executed_lines": [195], "summary": {"covered_lines": 1, "num_statements": 1, "percent_covered": 100.0, "percent_covered_display": "100", "missing_lines": 0, "excluded_lines": 0, "percent_statements_covered": 100.0, "percent_statements_covered_display": "100"}, "missing_lines": [], "excluded_lines": [], "start_line": 194}, "get_template_layout": {"executed_lines": [], "summary": {"covered_lines": 0, "num_statements": 1, "percent_covered": 0.0, "percent_covered_display": "0", "missing_lines": 1, "excluded_lines": 0, "percent_statements_covered": 0.0, "percent_statements_covered_display": "0"}, "missing_lines": [201], "excluded_lines": [], "start_line": 199}, "save_template_layout": {"executed_lines": [], "summary": {"covered_lines": 0, "num_statements": 8, "percent_covered": 0.0, "percent_covered_display": "0", "missing_lines": 8, "excluded_lines": 0, "percent_statements_covered": 0.0, "percent_statements_covered_display": "0"}, "missing_lines": [207, 208, 210, 220, 221, 222, 224, 227], "excluded_lines": [], "start_line": 205}, "save_template_layout._read_json": {"executed_lines": [], "summary": {"covered_lines": 0, "num_statements": 8, "percent_covered": 0.0, "percent_covered_display": "0", "missing_lines": 8, "excluded_lines": 0, "percent_statements_covered": 0.0, "percent_statements_covered_display": "0"}, "missing_lines": [211, 212, 213, 214, 215, 216, 217, 218], "excluded_lines": [], "start_line": 210}, "get_template_preview": {"executed_lines": [], "summary": {"covered_lines": 0, "num_statements": 5, "percent_covered": 0.0, "percent_covered_display": "0", "missing_lines": 5, "excluded_lines": 0, "percent_statements_covered": 0.0, "percent_statements_covered_display": "0"}, "missing_lines": [233, 234, 235, 236, 237], "excluded_lines": [], "start_line": 231}, "get_template": {"executed_lines": [242, 243, 245, 248, 249, 252, 253, 255, 256, 257, 258, 259, 268, 270, 271, 273], "summary": {"covered_lines": 16, "num_statements": 18, "percent_covered": 88.88888888888889, "percent_covered_display": "89", "missing_lines": 2, "excluded_lines": 0, "percent_statements_covered": 88.88888888888889, "percent_statements_covered_display": "89"}, "missing_lines": [246, 250], "excluded_lines": [], "start_line": 241}, "get_voucher_image": {"executed_lines": [296, 297, 299, 300, 301, 302, 304, 305, 308, 309, 310, 311, 312, 313, 314, 315, 317, 318, 319, 321, 322], "summary": {"covered_lines": 21, "num_statements": 26, "percent_covered": 80.76923076923077, "percent_covered_display": "81", "missing_lines": 5, "excluded_lines": 0, "percent_statements_covered": 80.76923076923077, "percent_statements_covered_display": "81"}, "missing_lines": [306, 323, 324, 326, 332], "excluded_lines": [], "start_line": 290}, "get_layout": {"executed_lines": [337, 338], "summary": {"covered_lines": 2, "num_statements": 2, "percent_covered": 100.0, "percent_covered_display": "100", "missing_lines": 0, "excluded_lines": 0, "percent_statements_covered": 100.0, "percent_statements_covered_display": "100"}, "missing_lines": [], "excluded_lines": [], "start_line": 336}, "save_layout": {"executed_lines": [343, 344], "summary": {"covered_lines": 2, "num_statements": 2, "percent_covered": 100.0, "percent_covered_display": "100", "missing_lines": 0, "excluded_lines": 0, "percent_statements_covered": 100.0, "percent_statements_covered_display": "100"}, "missing_lines": [], "excluded_lines": [], "start_line": 342}, "generate_voucher_pdf": {"executed_lines": [353, 354, 356, 359, 360, 366, 367, 368, 369, 370, 371, 378, 379, 380, 382, 383, 384, 385, 386, 388, 389, 390, 398, 405, 406, 407, 408, 409, 411, 412, 413, 419, 420, 433], "summary": {"covered_lines": 34, "num_statements": 40, "percent_covered": 85.0, "percent_covered_display": "85", "missing_lines": 6, "excluded_lines": 0, "percent_statements_covered": 85.0, "percent_statements_covered_display": "85"}, "missing_lines": [357, 427, 428, 429, 430, 431], "excluded_lines": [], "start_line": 348}, "": {"executed_lines": [1, 3, 4, 5, 6, 7, 8, 9, 10, 11, 12, 13, 14, 16, 17, 18, 19, 20, 22, 23, 24, 29, 30, 31, 32, 33, 35, 37, 39, 40, 50, 52, 53, 54, 55, 56, 57, 60, 67, 72, 85, 100, 115, 127, 155, 156, 169, 182, 183, 193, 194, 198, 199, 204, 205, 230, 231, 240, 241, 289, 290, 335, 336, 341, 342, 347, 348], "summary": {"covered_lines": 67, "num_statements": 67, "percent_covered": 100.0, "percent_covered_display": "100", "missing_lines": 0, "excluded_lines": 0, "percent_statements_covered": 100.0, "percent_statements_covered_display": "100"}, "missing_lines": [], "excluded_lines": [], "start_line": 1}}, "classes": {"_TemplateLayoutPayload": {"executed_lines": [], "summary": {"covered_lines": 0, "num_statements": 0, "percent_covered": 100.0, "percent_covered_display": "100", "missing_lines": 0, "excluded_lines": 0, "percent_statements_covered": 100.0, "percent_statements_covered_display": "100"}, "missing_lines": [], "excluded_lines": [], "start_line": 50}, "": {"executed_lines": [1, 3, 4, 5, 6, 7, 8, 9, 10, 11, 12, 13, 14, 16, 17, 18, 19, 20, 22, 23, 24, 29, 30, 31, 32, 33, 35, 37, 39, 40, 50, 52, 53, 54, 55, 56, 57, 60, 61, 62, 63, 64, 67, 68, 69, 72, 73, 74, 75, 76, 77, 78, 79, 80, 81, 82, 85, 86, 87, 88, 89, 90, 91, 92, 93, 100, 101, 103, 104, 105, 106, 107, 108, 115, 116, 117, 118, 119, 121, 122, 123, 124, 127, 128, 129, 131, 132, 133, 135, 136, 137, 138, 139, 140, 141, 142, 143, 144, 145, 147, 148, 149, 150, 152, 155, 156, 169, 170, 171, 172, 173, 174, 175, 176, 177, 182, 183, 184, 185, 187, 190, 193, 194, 195, 198, 199, 204, 205, 230, 231, 240, 241, 242, 243, 245, 248, 249, 252, 253, 255, 256, 257, 258, 259, 268, 270, 271, 273, 289, 290, 296, 297, 299, 300, 301, 302, 304, 305, 308, 309, 310, 311, 312, 313, 314, 315, 317, 318, 319, 321, 322, 335, 336, 337, 338, 341, 342, 343, 344, 347, 348, 353, 354, 356, 359, 360, 366, 367, 368, 369, 370, 371, 378, 379, 380, 382, 383, 384, 385, 386, 388, 389, 390, 398, 405, 406, 407, 408, 409, 411, 412, 413, 419, 420, 433], "summary": {"covered_lines": 215, "num_statements": 267, "percent_covered": 80.52434456928839, "percent_covered_display": "81", "missing_lines": 52, "excluded_lines": 0, "percent_statements_covered": 80.52434456928839, "percent_statements_covered_display": "81"}, "missing_lines": [94, 95, 96, 97, 102, 109, 110, 111, 112, 120, 157, 158, 159, 160, 178, 179, 188, 201, 207, 208, 210, 211, 212, 213, 214, 215, 216, 217, 218, 220, 221, 222, 224, 227, 233, 234, 235, 236, 237, 246, 250, 306, 323, 324, 326, 332, 357, 427, 428, 429, 430, 431], "excluded_lines": [], "start_line": 1}}}, "backend\\routers\\websocket.py": {"executed_lines": [1, 2, 3, 5, 6, 8, 10, 13, 15, 16, 17, 18, 19, 20, 23, 24, 25, 26, 27, 28, 29, 30, 31, 35, 40, 42, 43, 44, 45, 46, 47], "summary": {"covered_lines": 31, "num_statements": 35, "percent_covered": 88.57142857142857, "percent_covered_display": "89", "missing_lines": 4, "excluded_lines": 0, "percent_statements_covered": 88.57142857142857, "percent_statements_covered_display": "89"}, "missing_lines": [32, 33, 48, 49], "excluded_lines": [], "functions": {"get_jobs": {"executed_lines": [15, 16, 17, 18, 19, 20], "summary": {"covered_lines": 6, "num_statements": 6, "percent_covered": 100.0, "percent_covered_display": "100", "missing_lines": 0, "excluded_lines": 0, "percent_statements_covered": 100.0, "percent_statements_covered_display": "100"}, "missing_lines": [], "excluded_lines": [], "start_line": 13}, "websocket_endpoint": {"executed_lines": [25, 26, 27, 28, 29, 30, 31, 35, 40, 42, 43, 44, 45, 46, 47], "summary": {"covered_lines": 15, "num_statements": 19, "percent_covered": 78.94736842105263, "percent_covered_display": "79", "missing_lines": 4, "excluded_lines": 0, "percent_statements_covered": 78.94736842105263, "percent_statements_covered_display": "79"}, "missing_lines": [32, 33, 48, 49], "excluded_lines": [], "start_line": 24}, "": {"executed_lines": [1, 2, 3, 5, 6, 8, 10, 13, 23, 24], "summary": {"covered_lines": 10, "num_statements": 10, "percent_covered": 100.0, "percent_covered_display": "100", "missing_lines": 0, "excluded_lines": 0, "percent_statements_covered": 100.0, "percent_statements_covered_display": "100"}, "missing_lines": [], "excluded_lines": [], "start_line": 1}}, "classes": {"": {"executed_lines": [1, 2, 3, 5, 6, 8, 10, 13, 15, 16, 17, 18, 19, 20, 23, 24, 25, 26, 27, 28, 29, 30, 31, 35, 40, 42, 43, 44, 45, 46, 47], "summary": {"covered_lines": 31, "num_statements": 35, "percent_covered": 88.57142857142857, "percent_covered_display": "89", "missing_lines": 4, "excluded_lines": 0, "percent_statements_covered": 88.57142857142857, "percent_statements_covered_display": "89"}, "missing_lines": [32, 33, 48, 49], "excluded_lines": [], "start_line": 1}}}, "backend\\utils\\__init__.py": {"executed_lines": [], "summary": {"covered_lines": 0, "num_statements": 0, "percent_covered": 100.0, "percent_covered_display": "100", "missing_lines": 0, "excluded_lines": 0, "percent_statements_covered": 100.0, "percent_statements_covered_display": "100"}, "missing_lines": [], "excluded_lines": [], "functions": {"": {"executed_lines": [], "summary": {"covered_lines": 0, "num_statements": 0, "percent_covered": 100.0, "percent_covered_display": "100", "missing_lines": 0, "excluded_lines": 0, "percent_statements_covered": 100.0, "percent_statements_covered_display": "100"}, "missing_lines": [], "excluded_lines": [], "start_line": 1}}, "classes": {"": {"executed_lines": [], "summary": {"covered_lines": 0, "num_statements": 0, "percent_covered": 100.0, "percent_covered_display": "100", "missing_lines": 0, "excluded_lines": 0, "percent_statements_covered": 100.0, "percent_statements_covered_display": "100"}, "missing_lines": [], "excluded_lines": [], "start_line": 1}}}, "backend\\utils\\config.py": {"executed_lines": [1, 2, 3, 5, 8, 15, 20, 22, 24, 26, 27, 28, 31, 33, 40, 41, 42, 43, 45, 46, 47, 48, 49, 55, 57, 58, 59, 60, 61, 62, 63, 64], "summary": {"covered_lines": 32, "num_statements": 35, "percent_covered": 91.42857142857143, "percent_covered_display": "91", "missing_lines": 3, "excluded_lines": 0, "percent_statements_covered": 91.42857142857143, "percent_statements_covered_display": "91"}, "missing_lines": [50, 51, 52], "excluded_lines": [], "functions": {"get_active_env": {"executed_lines": [22], "summary": {"covered_lines": 1, "num_statements": 1, "percent_covered": 100.0, "percent_covered_display": "100", "missing_lines": 0, "excluded_lines": 0, "percent_statements_covered": 100.0, "percent_statements_covered_display": "100"}, "missing_lines": [], "excluded_lines": [], "start_line": 20}, "_resolve_config_path": {"executed_lines": [26, 27, 28], "summary": {"covered_lines": 3, "num_statements": 3, "percent_covered": 100.0, "percent_covered_display": "100", "missing_lines": 0, "excluded_lines": 0, "percent_statements_covered": 100.0, "percent_statements_covered_display": "100"}, "missing_lines": [], "excluded_lines": [], "start_line": 24}, "load_config": {"executed_lines": [40, 41, 42, 43, 45, 46, 47, 48, 49], "summary": {"covered_lines": 9, "num_statements": 12, "percent_covered": 75.0, "percent_covered_display": "75", "missing_lines": 3, "excluded_lines": 0, "percent_statements_covered": 75.0, "percent_statements_covered_display": "75"}, "missing_lines": [50, 51, 52], "excluded_lines": [], "start_line": 33}, "save_config": {"executed_lines": [57, 58, 59, 60, 61, 62, 63, 64], "summary": {"covered_lines": 8, "num_statements": 8, "percent_covered": 100.0, "percent_covered_display": "100", "missing_lines": 0, "excluded_lines": 0, "percent_statements_covered": 100.0, "percent_statements_covered_display": "100"}, "missing_lines": [], "excluded_lines": [], "start_line": 55}, "": {"executed_lines": [1, 2, 3, 5, 8, 15, 20, 24, 31, 33, 55], "summary": {"covered_lines": 11, "num_statements": 11, "percent_covered": 100.0, "percent_covered_display": "100", "missing_lines": 0, "excluded_lines": 0, "percent_statements_covered": 100.0, "percent_statements_covered_display": "100"}, "missing_lines": [], "excluded_lines": [], "start_line": 1}}, "classes": {"": {"executed_lines": [1, 2, 3, 5, 8, 15, 20, 22, 24, 26, 27, 28, 31, 33, 40, 41, 42, 43, 45, 46, 47, 48, 49, 55, 57, 58, 59, 60, 61, 62, 63, 64], "summary": {"covered_lines": 32, "num_statements": 35, "percent_covered": 91.42857142857143, "percent_covered_display": "91", "missing_lines": 3, "excluded_lines": 0, "percent_statements_covered": 91.42857142857143, "percent_statements_covered_display": "91"}, "missing_lines": [50, 51, 52], "excluded_lines": [], "start_line": 1}}}, "backend\\utils\\logger.py": {"executed_lines": [11, 12, 13, 14, 17, 18, 21, 22, 25, 42, 43, 46, 47, 49, 52, 55, 58, 61, 64, 65, 66, 69, 76, 77, 78, 81, 82, 85, 88], "summary": {"covered_lines": 29, "num_statements": 33, "percent_covered": 87.87878787878788, "percent_covered_display": "88", "missing_lines": 4, "excluded_lines": 0, "percent_statements_covered": 87.87878787878788, "percent_statements_covered_display": "88"}, "missing_lines": [56, 103, 104, 105], "excluded_lines": [], "functions": {"setup_logging": {"executed_lines": [42, 43, 46, 47, 49, 52, 55, 58, 61, 64, 65, 66, 69, 76, 77, 78, 81, 82, 85], "summary": {"covered_lines": 19, "num_statements": 20, "percent_covered": 95.0, "percent_covered_display": "95", "missing_lines": 1, "excluded_lines": 0, "percent_statements_covered": 95.0, "percent_statements_covered_display": "95"}, "missing_lines": [56], "excluded_lines": [], "start_line": 25}, "get_logger": {"executed_lines": [], "summary": {"covered_lines": 0, "num_statements": 3, "percent_covered": 0.0, "percent_covered_display": "0", "missing_lines": 3, "excluded_lines": 0, "percent_statements_covered": 0.0, "percent_statements_covered_display": "0"}, "missing_lines": [103, 104, 105], "excluded_lines": [], "start_line": 88}, "": {"executed_lines": [11, 12, 13, 14, 17, 18, 21, 22, 25, 88], "summary": {"covered_lines": 10, "num_statements": 10, "percent_covered": 100.0, "percent_covered_display": "100", "missing_lines": 0, "excluded_lines": 0, "percent_statements_covered": 100.0, "percent_statements_covered_display": "100"}, "missing_lines": [], "excluded_lines": [], "start_line": 1}}, "classes": {"": {"executed_lines": [11, 12, 13, 14, 17, 18, 21, 22, 25, 42, 43, 46, 47, 49, 52, 55, 58, 61, 64, 65, 66, 69, 76, 77, 78, 81, 82, 85, 88], "summary": {"covered_lines": 29, "num_statements": 33, "percent_covered": 87.87878787878788, "percent_covered_display": "88", "missing_lines": 4, "excluded_lines": 0, "percent_statements_covered": 87.87878787878788, "percent_statements_covered_display": "88"}, "missing_lines": [56, 103, 104, 105], "excluded_lines": [], "start_line": 1}}}, "backend\\utils\\parser.py": {"executed_lines": [1, 2, 5, 18, 19, 21, 22, 23, 24, 25, 26, 27, 28, 29, 33, 36, 39, 40, 41, 42, 43, 44, 45, 54, 55, 56, 61, 62, 63, 64, 65, 67, 68, 69, 70, 71, 73, 74, 77, 78, 82, 97, 100, 102], "summary": {"covered_lines": 44, "num_statements": 56, "percent_covered": 78.57142857142857, "percent_covered_display": "79", "missing_lines": 12, "excluded_lines": 0, "percent_statements_covered": 78.57142857142857, "percent_statements_covered_display": "79"}, "missing_lines": [31, 34, 48, 49, 50, 51, 58, 75, 76, 79, 80, 90], "excluded_lines": [], "functions": {"extract_structured_data": {"executed_lines": [18, 19, 21, 22, 23, 24, 25, 26, 27, 28, 29, 33, 36, 39, 40, 41, 42, 43, 44, 45, 54, 55, 56, 61, 62, 63, 64, 65, 67, 68, 69, 70, 71, 73, 74, 77, 78, 82, 97, 100, 102], "summary": {"covered_lines": 41, "num_statements": 53, "percent_covered": 77.35849056603773, "percent_covered_display": "77", "missing_lines": 12, "excluded_lines": 0, "percent_statements_covered": 77.35849056603773, "percent_statements_covered_display": "77"}, "missing_lines": [31, 34, 48, 49, 50, 51, 58, 75, 76, 79, 80, 90], "excluded_lines": [], "start_line": 5}, "": {"executed_lines": [1, 2, 5], "summary": {"covered_lines": 3, "num_statements": 3, "percent_covered": 100.0, "percent_covered_display": "100", "missing_lines": 0, "excluded_lines": 0, "percent_statements_covered": 100.0, "percent_statements_covered_display": "100"}, "missing_lines": [], "excluded_lines": [], "start_line": 1}}, "classes": {"": {"executed_lines": [1, 2, 5, 18, 19, 21, 22, 23, 24, 25, 26, 27, 28, 29, 33, 36, 39, 40, 41, 42, 43, 44, 45, 54, 55, 56, 61, 62, 63, 64, 65, 67, 68, 69, 70, 71, 73, 74, 77, 78, 82, 97, 100, 102], "summary": {"covered_lines": 44, "num_statements": 56, "percent_covered": 78.57142857142857, "percent_covered_display": "79", "missing_lines": 12, "excluded_lines": 0, "percent_statements_covered": 78.57142857142857, "percent_statements_covered_display": "79"}, "missing_lines": [31, 34, 48, 49, 50, 51, 58, 75, 76, 79, 80, 90], "excluded_lines": [], "start_line": 1}}}, "backend\\utils\\utils.py": {"executed_lines": [2, 3, 4, 5, 6, 7, 8, 9, 10, 12, 14, 17, 19, 20, 23, 24, 26, 28, 29, 30, 33, 34, 36, 37, 38, 41, 43, 44, 47, 48, 50, 51, 53, 56, 57, 58, 59, 61, 62, 63, 65, 66, 76, 77, 79, 80, 81, 82, 83, 84, 86, 89], "summary": {"covered_lines": 52, "num_statements": 56, "percent_covered": 92.85714285714286, "percent_covered_display": "93", "missing_lines": 4, "excluded_lines": 0, "percent_statements_covered": 92.85714285714286, "percent_statements_covered_display": "93"}, "missing_lines": [31, 35, 54, 60], "excluded_lines": [], "functions": {"cv_imread_chinese": {"executed_lines": [19, 20, 23, 24, 26, 28, 29, 30, 33, 34, 36, 37, 38], "summary": {"covered_lines": 13, "num_statements": 15, "percent_covered": 86.66666666666667, "percent_covered_display": "87", "missing_lines": 2, "excluded_lines": 0, "percent_statements_covered": 86.66666666666667, "percent_statements_covered_display": "87"}, "missing_lines": [31, 35], "excluded_lines": [], "start_line": 17}, "cv_imwrite_chinese": {"executed_lines": [43, 44, 47, 48, 50, 51, 53, 56, 57, 58, 59, 61, 62, 63], "summary": {"covered_lines": 14, "num_statements": 16, "percent_covered": 87.5, "percent_covered_display": "88", "missing_lines": 2, "excluded_lines": 0, "percent_statements_covered": 87.5, "percent_statements_covered_display": "88"}, "missing_lines": [54, 60], "excluded_lines": [], "start_line": 41}, "handle_upload_files": {"executed_lines": [76, 77, 79, 80, 81, 82, 83, 84, 86, 89], "summary": {"covered_lines": 10, "num_statements": 10, "percent_covered": 100.0, "percent_covered_display": "100", "missing_lines": 0, "excluded_lines": 0, "percent_statements_covered": 100.0, "percent_statements_covered_display": "100"}, "missing_lines": [], "excluded_lines": [], "start_line": 66}, "": {"executed_lines": [2, 3, 4, 5, 6, 7, 8, 9, 10, 12, 14, 17, 41, 65, 66], "summary": {"covered_lines": 15, "num_statements": 15, "percent_covered": 100.0, "percent_covered_display": "100", "missing_lines": 0, "excluded_lines": 0, "percent_statements_covered": 100.0, "percent_statements_covered_display": "100"}, "missing_lines": [], "excluded_lines": [], "start_line": 1}}, "classes": {"": {"executed_lines": [2, 3, 4, 5, 6, 7, 8, 9, 10, 12, 14, 17, 19, 20, 23, 24, 26, 28, 29, 30, 33, 34, 36, 37, 38, 41, 43, 44, 47, 48, 50, 51, 53, 56, 57, 58, 59, 61, 62, 63, 65, 66, 76, 77, 79, 80, 81, 82, 83, 84, 86, 89], "summary": {"covered_lines": 52, "num_statements": 56, "percent_covered": 92.85714285714286, "percent_covered_display": "93", "missing_lines": 4, "excluded_lines": 0, "percent_statements_covered": 92.85714285714286, "percent_statements_covered_display": "93"}, "missing_lines": [31, 35, 54, 60], "excluded_lines": [], "start_line": 1}}}}, "totals": {"covered_lines": 5352, "num_statements": 6113, "percent_covered": 87.55112056273515, "percent_covered_display": "88", "missing_lines": 761, "excluded_lines": 1, "percent_statements_covered": 87.55112056273515, "percent_statements_covered_display": "88"}}