============================= test session starts =============================
platform win32 -- Python 3.12.12, pytest-9.0.2, pluggy-1.6.0 -- C:\Users\tange\AppData\Roaming\mamba\envs\OCR_GA\python.exe
cachedir: .pytest_cache
rootdir: C:\Users\tange\Desktop\all_project\py for NKNU GA\AI_AGENT_LAB
configfile: pytest.ini
testpaths: tests
plugins: anyio-4.12.1, asyncio-1.3.0, cov-7.0.0, timeout-2.4.0
asyncio: mode=Mode.STRICT, debug=False, asyncio_default_fixture_loop_scope=None, asyncio_default_test_loop_scope=function
collecting ... collected 372 items

tests/test_classifier.py::TestKeywordClassifier::test_classify_electronic_invoice_with_keywords PASSED [  0%]
tests/test_classifier.py::TestKeywordClassifier::test_classify_electronic_invoice_with_qr_code PASSED [  0%]
tests/test_classifier.py::TestKeywordClassifier::test_classify_electronic_invoice_with_pattern PASSED [  0%]
tests/test_classifier.py::TestKeywordClassifier::test_classify_electronic_invoice_carrier PASSED [  1%]
tests/test_classifier.py::TestKeywordClassifier::test_classify_handwritten_receipt PASSED [  1%]
tests/test_classifier.py::TestKeywordClassifier::test_classify_handwritten_with_chinese_numbers PASSED [  1%]
tests/test_classifier.py::TestKeywordClassifier::test_classify_taxi_receipt PASSED [  1%]
tests/test_classifier.py::TestKeywordClassifier::test_classify_traditional_invoice PASSED [  2%]
tests/test_classifier.py::TestKeywordClassifier::test_classify_empty_text PASSED [  2%]
tests/test_classifier.py::TestKeywordClassifier::test_classify_ambiguous_text PASSED [  2%]
tests/test_classifier.py::TestKeywordClassifier::test_mixed_features_priority PASSED [  2%]
tests/test_classifier.py::TestKeywordClassifier::test_mixed_features_priority_text_only PASSED [  3%]
tests/test_engine.py::TestEngineProjectManagement::test_create_project_new PASSED [  3%]
tests/test_engine.py::TestEngineProjectManagement::test_create_project_already_exists PASSED [  3%]
tests/test_engine.py::TestEngineProjectManagement::test_get_job_repo_creates_singleton PASSED [  4%]
tests/test_engine.py::TestEngineProjectManagement::test_engine_init_and_workers PASSED [  4%]
tests/test_engine.py::TestEngineProjectManagement::test_update_config PASSED [  4%]
tests/test_engine.py::TestEngineProjectManagement::test_get_job_repo_without_session_factory PASSED [  4%]
tests/test_engine.py::TestEngineProjectManagement::test_recover_pending_tasks PASSED [  5%]
tests/test_engine.py::TestEngineProjectManagement::test_recover_pending_tasks_exception PASSED [  5%]
tests/test_engine.py::TestEngineFileOps::test_run_splitting PASSED       [  5%]
tests/test_engine.py::TestEngineFileOps::test_get_raw_files_empty PASSED [  5%]
tests/test_engine.py::TestEngineFileOps::test_get_raw_files_with_files PASSED [  6%]
tests/test_engine.py::TestEngineFileOps::test_add_project_files_raw PASSED [  6%]
tests/test_engine.py::TestEngineFileOps::test_add_project_files_split PASSED [  6%]
tests/test_engine.py::TestEngineFileOps::test_rotate_image PASSED        [  6%]
tests/test_engine.py::TestEngineFileOps::test_delete_raw_file PASSED     [  7%]
tests/test_engine.py::TestEngineFileOps::test_delete_raw_file_not_found PASSED [  7%]
tests/test_engine.py::TestEngineFileOps::test_delete_raw_file_exception PASSED [  7%]
tests/test_engine.py::TestEngineFileOps::test_run_split_single PASSED    [  8%]
tests/test_engine.py::TestEngineProcessing::test_run_processing_queues_jobs PASSED [  8%]
tests/test_engine.py::TestEngineProcessing::test_run_processing_skips_done_jobs PASSED [  8%]
tests/test_engine.py::TestEngineProcessing::test_run_single_processing PASSED [  8%]
tests/test_engine.py::TestEngineProcessing::test_run_single_processing_not_found PASSED [  9%]
tests/test_engine.py::TestEngineProcessing::test_run_processing_exception PASSED [  9%]
tests/test_engine.py::TestEngineJobManagement::test_delete_job PASSED    [  9%]
tests/test_engine.py::TestEngineJobManagement::test_job_state_transitions PASSED [  9%]
tests/test_engine.py::TestEngineExport::test_run_excel PASSED            [ 10%]
tests/test_engine.py::TestEngineExport::test_archive_project PASSED      [ 10%]
tests/test_engine.py::TestEngineExport::test_regenerate_project PASSED   [ 10%]
tests/test_engine.py::TestEngineGroups::test_upsert_group PASSED         [ 11%]
tests/test_engine.py::TestEngineGroups::test_list_groups PASSED          [ 11%]
tests/test_engine.py::TestEngineGroups::test_delete_group PASSED         [ 11%]
tests/test_engine.py::TestEngineGroups::test_update_activity_info PASSED [ 11%]
tests/test_engine_archive_handler.py::test_seal_project_7z_success PASSED [ 12%]
tests/test_engine_archive_handler.py::test_seal_project_7z_exclude_raw PASSED [ 12%]
tests/test_engine_archive_handler.py::test_seal_project_zip_fallback PASSED [ 12%]
tests/test_engine_archive_handler.py::test_seal_project_not_found PASSED [ 12%]
tests/test_engine_archive_handler.py::test_seal_project_zip_exception PASSED [ 13%]
tests/test_engine_file_ops.py::test_run_splitting_creates_files PASSED   [ 13%]
tests/test_engine_file_ops.py::test_run_splitting_missing_folder PASSED  [ 13%]
tests/test_engine_file_ops.py::test_get_raw_files PASSED                 [ 13%]
tests/test_engine_file_ops.py::test_get_raw_files_missing_folder PASSED  [ 14%]
tests/test_engine_file_ops.py::test_add_project_files_raw PASSED         [ 14%]
tests/test_engine_file_ops.py::test_add_project_files_split_enqueues PASSED [ 14%]
tests/test_engine_file_ops.py::test_rotate_image PASSED                  [ 15%]
tests/test_engine_regeneration_handler.py::test_regenerate_missing_column PASSED [ 15%]
tests/test_engine_regeneration_handler.py::test_regenerate_read_error PASSED [ 15%]
tests/test_engine_regeneration_handler.py::test_regenerate_success PASSED [ 15%]
tests/test_engine_regeneration_handler.py::test_regenerate_job_mismatch PASSED [ 16%]
tests/test_engine_word_exporter.py::test_replace_text_in_paragraph PASSED [ 16%]
tests/test_engine_word_exporter.py::test_replace_text_hardcoded_coordinator PASSED [ 16%]
tests/test_engine_word_exporter.py::test_highlight_unfilled_placeholders PASSED [ 16%]
tests/test_engine_word_exporter.py::test_replace_text_in_table PASSED    [ 17%]
tests/test_engine_word_exporter.py::test_find_row_with_placeholder PASSED [ 17%]
tests/test_engine_word_exporter.py::test_find_row_with_placeholder_not_found PASSED [ 17%]
tests/test_engine_word_exporter.py::test_set_cell_text_formatted PASSED  [ 18%]
tests/test_engine_word_exporter.py::test_format_roc_date PASSED          [ 18%]
tests/test_engine_word_exporter.py::test_process_export PASSED           [ 18%]
tests/test_engine_word_exporter.py::test_process_export_no_project PASSED [ 18%]
tests/test_engine_workers.py::test_worker_loop_timeout_exit PASSED       [ 19%]
tests/test_engine_workers.py::test_worker_loop_process_success FAILED    [ 19%]
tests/test_engine_workers.py::test_worker_loop_process_failure_from_receipt_processor FAILED [ 19%]
tests/test_engine_workers.py::test_worker_loop_process_image_load_error FAILED [ 19%]
tests/test_job_repository.py::TestJobRepository::test_init_creates_tables PASSED [ 20%]
tests/test_job_repository.py::TestJobRepository::test_insert_and_get_job PASSED [ 20%]
tests/test_job_repository.py::TestJobRepository::test_insert_job_default_status PASSED [ 20%]
tests/test_job_repository.py::TestJobRepository::test_get_non_existent_job PASSED [ 20%]
tests/test_job_repository.py::TestJobRepository::test_update_job PASSED  [ 21%]
tests/test_job_repository.py::TestJobRepository::test_update_non_existent_job PASSED [ 21%]
tests/test_job_repository.py::TestJobRepository::test_delete_job PASSED  [ 21%]
tests/test_job_repository.py::TestJobRepository::test_list_jobs PASSED   [ 22%]
tests/test_job_repository.py::TestJobRepository::test_count_jobs PASSED  [ 22%]
tests/test_job_repository.py::TestJobRepository::test_complete_vlm PASSED [ 22%]
tests/test_job_repository.py::TestJobRepository::test_emit_event PASSED  [ 22%]
tests/test_job_repository.py::TestJobRepository::test_mark_stale_as_failed PASSED [ 23%]
tests/test_job_repository.py::TestJobRepository::test_has_pending_work PASSED [ 23%]
tests/test_job_repository.py::TestJobRepository::test_save_manual_json_and_get_details PASSED [ 23%]
tests/test_main.py::test_read_root PASSED                                [ 23%]
tests/test_main.py::test_lifespan_events PASSED                          [ 24%]
tests/test_main.py::test_cors_and_static_mounts PASSED                   [ 24%]
tests/test_pdf_engine.py::test_compress_pdf PASSED                       [ 24%]
tests/test_pdf_engine.py::test_reorder_pages PASSED                      [ 25%]
tests/test_pdf_engine.py::test_stamp_image PASSED                        [ 25%]
tests/test_pdf_engine.py::test_inject_text_layer PASSED                  [ 25%]
tests/test_pdf_engine.py::test_execute_commands_full_pipeline PASSED     [ 25%]
tests/test_perspective_transform.py::TestOrderPoints::test_standard_rect PASSED [ 26%]
tests/test_perspective_transform.py::TestOrderPoints::test_shuffled_points PASSED [ 26%]
tests/test_perspective_transform.py::TestOrderPoints::test_rotated_rect PASSED [ 26%]
tests/test_perspective_transform.py::TestOrderPoints::test_output_is_float32 PASSED [ 26%]
tests/test_perspective_transform.py::TestCropByRect::test_basic_crop PASSED [ 27%]
tests/test_perspective_transform.py::TestCropByRect::test_crop_portrait_output PASSED [ 27%]
tests/test_perspective_transform.py::TestCropByRect::test_crop_landscape_auto_rotate PASSED [ 27%]
tests/test_perspective_transform.py::TestCropByRect::test_crop_rotated_rect PASSED [ 27%]
tests/test_perspective_transform.py::TestCropByRect::test_crop_invalid_zero_size PASSED [ 28%]
tests/test_perspective_transform.py::TestCropByRect::test_crop_content_preserved PASSED [ 28%]
tests/test_perspective_transform.py::TestFixOrientation::test_horizontal_text_no_rotation PASSED [ 28%]
tests/test_perspective_transform.py::TestFixOrientation::test_vertical_text_rotates PASSED [ 29%]
tests/test_perspective_transform.py::TestFixOrientation::test_empty_image PASSED [ 29%]
tests/test_perspective_transform.py::TestFixOrientation::test_grayscale_input PASSED [ 29%]
tests/test_perspective_transform.py::TestFixOrientation::test_uniform_image_no_crash PASSED [ 29%]
tests/test_processing.py::TestCorrectTextMethod::test_correct_text_success PASSED [ 30%]
tests/test_processing.py::TestCorrectTextMethod::test_correct_text_failure_returns_original PASSED [ 30%]
tests/test_processing.py::TestExtractDataMethod::test_extract_data_success PASSED [ 30%]
tests/test_processing.py::TestExtractDataMethod::test_extract_data_failure PASSED [ 30%]
tests/test_processing.py::TestLLMHandler::test_structure_with_llm PASSED [ 31%]
tests/test_processing.py::TestLLMHandler::test_regenerate_from_corrected_text PASSED [ 31%]
tests/test_processing.py::TestReceiptSplitter::test_order_points PASSED  [ 31%]
tests/test_processing.py::TestReceiptSplitter::test_validate_aspect_ratio PASSED [ 31%]
tests/test_processing.py::TestReceiptSplitter::test_splitter_empty_image PASSED [ 32%]
tests/test_project_repository.py::test_project_crud PASSED               [ 32%]
tests/test_project_repository.py::test_group_crud PASSED                 [ 32%]
tests/test_project_repository.py::test_update_activity_info PASSED       [ 33%]
tests/test_project_repository.py::test_setup_project PASSED              [ 33%]
tests/test_project_repository.py::test_sync_status_to_db PASSED          [ 33%]
tests/test_project_repository.py::test_sync_status_to_db_all_done PASSED [ 33%]
tests/test_python_validator.py::TestPythonValidator::test_validate_correct_data PASSED [ 34%]
tests/test_python_validator.py::TestPythonValidator::test_validate_wrong_item_total PASSED [ 34%]
tests/test_python_validator.py::TestPythonValidator::test_validate_wrong_summary_total PASSED [ 34%]
tests/test_python_validator.py::TestPythonValidator::test_validate_empty_data PASSED [ 34%]
tests/test_python_validator.py::TestPythonValidator::test_validate_missing_items PASSED [ 35%]
tests/test_python_validator.py::TestPythonValidator::test_to_number_integer PASSED [ 35%]
tests/test_python_validator.py::TestPythonValidator::test_to_number_float PASSED [ 35%]
tests/test_python_validator.py::TestPythonValidator::test_to_number_invalid PASSED [ 36%]
tests/test_python_validator.py::TestPythonValidator::test_to_number_with_commas PASSED [ 36%]
tests/test_python_validator.py::TestPythonValidator::test_parse_chinese_number_simple PASSED [ 36%]
tests/test_python_validator.py::TestPythonValidator::test_parse_chinese_number_complex PASSED [ 36%]
tests/test_python_validator.py::TestPythonValidator::test_parse_chinese_number_with_suffix PASSED [ 37%]
tests/test_python_validator.py::TestPythonValidator::test_parse_chinese_number_invalid PASSED [ 37%]
tests/test_python_validator.py::TestPythonValidator::test_is_valid_date_correct PASSED [ 37%]
tests/test_python_validator.py::TestPythonValidator::test_is_valid_date_invalid PASSED [ 37%]
tests/test_python_validator.py::TestPythonValidator::test_validate_required_fields_complete PASSED [ 38%]
tests/test_python_validator.py::TestPythonValidator::test_validate_required_fields_missing_supplier PASSED [ 38%]
tests/test_python_validator.py::TestPythonValidator::test_confidence_with_ocr_confidence PASSED [ 38%]
tests/test_python_validator.py::TestPythonValidator::test_confidence_decreases_with_issues PASSED [ 38%]
tests/test_python_validator.py::TestPythonValidator::test_validate_items_correct PASSED [ 39%]
tests/test_python_validator.py::TestPythonValidator::test_validate_items_missing_fields PASSED [ 39%]
tests/test_qr_handler.py::TestQRHandler::test_parse_taiwan_einvoice_qr_valid PASSED [ 39%]
tests/test_qr_handler.py::TestQRHandler::test_parse_taiwan_einvoice_qr_invalid_length PASSED [ 40%]
tests/test_qr_handler.py::TestQRHandler::test_parse_taiwan_einvoice_qr_invalid_date PASSED [ 40%]
tests/test_qr_handler.py::TestQRHandler::test_parse_amount_hex_handling PASSED [ 40%]
tests/test_qr_handler.py::TestQRHandler::test_detect_and_decode_success PASSED [ 40%]
tests/test_qr_handler.py::TestQRHandler::test_detect_and_decode_no_qr PASSED [ 41%]
tests/test_qr_handler.py::TestQRHandler::test_detect_and_decode_corrupted_qr PASSED [ 41%]
tests/test_qr_handler.py::TestQRHandler::test_init_qreader_available_false PASSED [ 41%]
tests/test_qr_handler.py::TestQRHandler::test_init_qreader_exception PASSED [ 41%]
tests/test_qr_handler.py::TestQRHandler::test_detect_and_decode_gray_image PASSED [ 42%]
tests/test_qr_handler.py::TestQRHandler::test_detect_and_decode_empty_text_in_list PASSED [ 42%]
tests/test_qr_handler.py::TestQRHandler::test_detect_and_decode_exception PASSED [ 42%]
tests/test_qr_handler.py::TestQRHandler::test_parse_taiwan_einvoice_qr_invalid_invoice_number PASSED [ 43%]
tests/test_qr_handler.py::TestQRHandler::test_parse_taiwan_einvoice_qr_value_errors PASSED [ 43%]
tests/test_qr_handler.py::TestQRHandler::test_parse_taiwan_einvoice_qr_exception PASSED [ 43%]
tests/test_qr_handler.py::TestQRHandler::test_is_electronic_invoice PASSED [ 43%]
tests/test_qr_handler.py::TestQRHandler::test_get_qr_locations PASSED    [ 44%]
tests/test_qr_handler.py::TestQRHandler::test_get_qr_locations_invalid_item PASSED [ 44%]
tests/test_qr_handler.py::TestQRHandler::test_get_qr_locations_empty PASSED [ 44%]
tests/test_qr_handler.py::TestQRHandler::test_get_qr_locations_catch_error PASSED [ 44%]
tests/test_qr_handler.py::TestQRHandler::test_get_qr_locations_exception PASSED [ 45%]
tests/test_rapidocr_handler.py::TestRapidOCRHandler::test_do_ocr_returns_structured_result PASSED [ 45%]
tests/test_rapidocr_handler.py::TestRapidOCRHandler::test_do_ocr_empty_result PASSED [ 45%]
tests/test_rapidocr_handler.py::TestRapidOCRHandler::test_to_plain_text_line_ordering PASSED [ 45%]
tests/test_rapidocr_handler.py::TestRapidOCRHandler::test_get_high_confidence_text PASSED [ 46%]
tests/test_rapidocr_handler.py::TestRapidOCRHandler::test_extract_numbers PASSED [ 46%]
tests/test_rapidocr_handler.py::TestRapidOCRHandler::test_empty_image_handling PASSED [ 46%]
tests/test_rapidocr_handler.py::TestRapidOCRHandler::test_rapidocr_not_available PASSED [ 47%]
tests/test_rapidocr_handler.py::TestRapidOCRHandler::test_rapidocr_init_exception PASSED [ 47%]
tests/test_rapidocr_handler.py::TestRapidOCRHandler::test_do_ocr_exception PASSED [ 47%]
tests/test_rapidocr_handler.py::TestRapidOCRHandler::test_do_ocr_list_elapse PASSED [ 47%]
tests/test_rapidocr_handler.py::TestRapidOCRHandler::test_to_plain_text_empty PASSED [ 48%]
tests/test_receipt_processor.py::TestReceiptProcessor::test_process_success_with_qr PASSED [ 48%]
tests/test_receipt_processor.py::TestReceiptProcessor::test_process_success_without_qr PASSED [ 48%]
tests/test_receipt_processor.py::TestReceiptProcessor::test_update_config PASSED [ 48%]
tests/test_receipt_processor.py::TestReceiptProcessor::test_process_vlm_failure PASSED [ 49%]
tests/test_receipt_processor.py::TestReceiptProcessor::test_process_validation_issues PASSED [ 49%]
tests/test_receipt_processor.py::TestReceiptProcessor::test_merge_qr_data_overwrites_header PASSED [ 49%]
tests/test_receipt_processor.py::TestReceiptProcessor::test_merge_qr_data_creates_header_if_missing PASSED [ 50%]
tests/test_receipt_processor.py::TestReceiptProcessor::test_create_error_result PASSED [ 50%]
tests/test_receipt_processor.py::TestReceiptProcessor::test_process_includes_timing_metadata PASSED [ 50%]
tests/test_receipt_splitter.py::TestResizeForDetection::test_small_image_no_resize PASSED [ 50%]
tests/test_receipt_splitter.py::TestResizeForDetection::test_large_image_resized PASSED [ 51%]
tests/test_receipt_splitter.py::TestResizeForDetection::test_exact_boundary PASSED [ 51%]
tests/test_receipt_splitter.py::TestMaskIoUDedupe::test_single_candidate PASSED [ 51%]
tests/test_receipt_splitter.py::TestMaskIoUDedupe::test_no_overlap PASSED [ 51%]
tests/test_receipt_splitter.py::TestMaskIoUDedupe::test_high_overlap_removes_smaller PASSED [ 52%]
tests/test_receipt_splitter.py::TestMaskIoUDedupe::test_empty_candidates PASSED [ 52%]
tests/test_receipt_splitter.py::TestSplitEndToEnd::test_split_none_image PASSED [ 52%]
tests/test_receipt_splitter.py::TestSplitEndToEnd::test_split_single_rect PASSED [ 52%]
tests/test_receipt_splitter.py::TestSplitEndToEnd::test_split_two_rects PASSED [ 53%]
tests/test_receipt_splitter.py::TestSplitEndToEnd::test_split_preserves_content PASSED [ 53%]
tests/test_receipt_splitter.py::TestSplitEndToEnd::test_adaptive_kernel_calculation PASSED [ 53%]
tests/test_receipt_splitter.py::TestSplitterInit::test_default_config PASSED [ 54%]
tests/test_receipt_splitter.py::TestSplitterInit::test_custom_config PASSED [ 54%]
tests/test_receipt_splitter.py::TestReceiptSplitterDebugHelpers::test_split_debug_mode PASSED [ 54%]
tests/test_receipt_splitter.py::TestReceiptSplitterDebugHelpers::test_split_debug_headless_mode PASSED [ 54%]
tests/test_receipt_splitter.py::TestReceiptSplitterDebugHelpers::test_show_preview_resize PASSED [ 55%]
tests/test_routers_config.py::test_get_config PASSED                     [ 55%]
tests/test_routers_config.py::test_get_config_short_key PASSED           [ 55%]
tests/test_routers_config.py::test_update_config PASSED                  [ 55%]
tests/test_routers_correction.py::test_save_manual_text PASSED           [ 56%]
tests/test_routers_correction.py::test_save_manual_text_not_found PASSED [ 56%]
tests/test_routers_files.py::test_add_files PASSED                       [ 56%]
tests/test_routers_files.py::test_rotate_image PASSED                    [ 56%]
tests/test_routers_files.py::test_get_raw_files PASSED                   [ 57%]
tests/test_routers_files.py::test_delete_raw_file PASSED                 [ 57%]
tests/test_routers_groups.py::test_list_groups PASSED                    [ 57%]
tests/test_routers_groups.py::test_upsert_group PASSED                   [ 58%]
tests/test_routers_groups.py::test_delete_group PASSED                   [ 58%]
tests/test_routers_jobs.py::test_get_project_jobs PASSED                 [ 58%]
tests/test_routers_jobs.py::test_get_job_details PASSED                  [ 58%]
tests/test_routers_jobs.py::test_get_job_details_not_found PASSED        [ 59%]
tests/test_routers_jobs.py::test_delete_job PASSED                       [ 59%]
tests/test_routers_jobs.py::test_run_single_processing PASSED            [ 59%]
tests/test_routers_jobs.py::test_save_manual_json_success PASSED         [ 59%]
tests/test_routers_jobs.py::test_save_manual_json_not_found PASSED       [ 60%]
tests/test_routers_pdf.py::test_upload_pdf PASSED                        [ 60%]
tests/test_routers_pdf.py::test_execute_pdf_commands PASSED              [ 60%]
tests/test_routers_processing.py::test_run_processing PASSED             [ 61%]
tests/test_routers_processing.py::test_run_splitting PASSED              [ 61%]
tests/test_routers_processing.py::test_run_split_single PASSED           [ 61%]
tests/test_routers_processing.py::test_run_excel PASSED                  [ 61%]
tests/test_routers_processing.py::test_archive_project PASSED            [ 62%]
tests/test_routers_processing.py::test_regenerate_excel PASSED           [ 62%]
tests/test_routers_projects.py::test_list_projects PASSED                [ 62%]
tests/test_routers_projects.py::test_create_project PASSED               [ 62%]
tests/test_routers_projects.py::test_update_project PASSED               [ 63%]
tests/test_routers_projects.py::test_delete_project PASSED               [ 63%]
tests/test_routers_projects.py::test_get_project_status PASSED           [ 63%]
tests/test_routers_projects.py::test_get_project_detail PASSED           [ 63%]
tests/test_routers_projects.py::test_get_project_detail_not_found PASSED [ 64%]
tests/test_routers_projects.py::test_update_activity_info PASSED         [ 64%]
tests/test_routers_suggestions.py::test_get_suggestions PASSED           [ 64%]
tests/test_routers_suggestions.py::test_add_suggestion_success PASSED    [ 65%]
tests/test_routers_suggestions.py::test_add_suggestion_failure PASSED    [ 65%]
tests/test_routers_suggestions.py::test_bulk_add_suggestions PASSED      [ 65%]
tests/test_routers_voucher.py::test_generate_voucher_returns_pdf_file_response PASSED [ 65%]
tests/test_routers_voucher.py::test_get_kaiu_font_returns_ttf_file PASSED [ 66%]
tests/test_routers_voucher.py::test_get_voucher_text_config_returns_shared_field_map PASSED [ 66%]
tests/test_routers_voucher.py::test_get_template_returns_done_invoices_with_result PASSED [ 66%]
tests/test_routers_voucher.py::test_layout_save_and_load PASSED          [ 66%]
tests/test_routers_voucher.py::test_generate_rejects_unauthorized_jobid PASSED [ 67%]
tests/test_routers_voucher.py::test_generate_strict_amount_validation_422 PASSED [ 67%]
tests/test_routers_voucher.py::test_generate_returns_422_when_generator_rejects_amount_cells PASSED [ 67%]
tests/test_routers_voucher.py::test_generate_success_returns_pdf_file PASSED [ 68%]
tests/test_routers_voucher.py::test_generate_missing_image_still_outputs_pdf PASSED [ 68%]
tests/test_routers_voucher.py::test_layout_draft_accepts_empty_paydate PASSED [ 68%]
tests/test_routers_voucher.py::test_generate_strict_rejects_empty_paydate PASSED [ 68%]
tests/test_routers_voucher.py::test_generate_strict_rejects_decimal_amount PASSED [ 69%]
tests/test_routers_voucher.py::test_generate_strict_rejects_non_digit_amount PASSED [ 69%]
tests/test_routers_voucher.py::test_generate_strict_rejects_zero_width_image PASSED [ 69%]
tests/test_routers_voucher.py::test_layout_draft_accepts_invalid_date PASSED [ 69%]
tests/test_routers_websocket.py::test_get_jobs_success PASSED            [ 70%]
tests/test_routers_websocket.py::test_get_jobs_exception PASSED          [ 70%]
tests/test_routers_websocket.py::test_websocket_endpoint_sends_data_and_disconnects PASSED [ 70%]
tests/test_routers_websocket.py::test_websocket_endpoint_handles_general_exception PASSED [ 70%]
tests/test_suggestion_repository.py::test_add_or_update_new PASSED       [ 71%]
tests/test_suggestion_repository.py::test_add_or_update_existing PASSED  [ 71%]
tests/test_suggestion_repository.py::test_add_or_update_empty PASSED     [ 71%]
tests/test_suggestion_repository.py::test_bulk_add PASSED                [ 72%]
tests/test_suggestion_repository.py::test_search_with_query_and_sorting PASSED [ 72%]
tests/test_suggestion_repository.py::test_extract_from_manual_json PASSED [ 72%]
tests/test_suggestion_repository.py::test_build_rag_context_empty PASSED [ 72%]
tests/test_suggestion_repository.py::test_build_rag_context_populated PASSED [ 73%]
tests/test_utils.py::TestParser::test_extract_structured_data_empty PASSED [ 73%]
tests/test_utils.py::TestParser::test_extract_structured_data_with_structured_data_field PASSED [ 73%]
tests/test_utils.py::TestParser::test_extract_structured_data_flat_structure PASSED [ 73%]
tests/test_utils.py::TestParser::test_extract_structured_data_normalizes_items PASSED [ 74%]
tests/test_utils.py::TestParser::test_extract_structured_data_invalid_json_returns_empty PASSED [ 74%]
tests/test_utils.py::TestUtils::test_cv_imwrite_read_chinese_path PASSED [ 74%]
tests/test_utils.py::TestUtils::test_cv_imread_chinese_nonexistent_file PASSED [ 75%]
tests/test_utils.py::TestUtils::test_cv_imwrite_chinese_invalid_image PASSED [ 75%]
tests/test_utils.py::TestUtils::test_cv_imwrite_chinese_creates_directory PASSED [ 75%]
tests/test_vision_handler.py::TestVisionHandler::test_import PASSED      [ 75%]
tests/test_vision_handler.py::TestVisionHandler::test_init_without_api_key PASSED [ 76%]
tests/test_vision_handler.py::TestVisionHandler::test_init_with_config PASSED [ 76%]
tests/test_vision_handler.py::TestVisionHandler::test_clean_json_response PASSED [ 76%]
tests/test_vision_handler.py::TestVisionHandler::test_prepare_image_b64 PASSED [ 76%]
tests/test_vision_handler.py::TestVisionHandler::test_process_image_success PASSED [ 77%]
tests/test_vision_handler.py::TestVisionHandler::test_process_image_retry PASSED [ 77%]
tests/test_vision_handler.py::TestVisionHandler::test_process_image_all_retries_fail PASSED [ 77%]
tests/test_vision_handler.py::TestVisionHandler::test_update_config PASSED [ 77%]
tests/test_vision_handler.py::TestVisionHandler::test_init_client_exception PASSED [ 78%]
tests/test_vision_handler.py::TestVisionHandler::test_prepare_image_b64_exception PASSED [ 78%]
tests/test_vision_handler.py::TestVisionHandler::test_process_handwritten_success PASSED [ 78%]
tests/test_vision_handler.py::TestVisionHandler::test_process_handwritten_no_client PASSED [ 79%]
tests/test_vision_handler.py::TestVisionHandler::test_process_handwritten_exception PASSED [ 79%]
tests/test_vision_handler.py::TestVisionHandler::test_image_to_markdown PASSED [ 79%]
tests/test_vision_handler.py::TestVisionHandler::test_process_image_no_client PASSED [ 79%]
tests/test_vision_handler.py::TestVisionHandler::test_process_image_json_decode_error PASSED [ 80%]
tests/test_vision_handler.py::TestVisionHandler::test_repair_json_heuristics PASSED [ 80%]
tests/test_vision_handler.py::TestVisionHandler::test_describe_image_success PASSED [ 80%]
tests/test_vision_handler.py::TestVisionHandler::test_describe_image_no_client PASSED [ 80%]
tests/test_vision_handler.py::TestVisionHandler::test_describe_image_exception PASSED [ 81%]
tests/test_vision_handler.py::TestVisionHandler::test_call_with_retry_no_text PASSED [ 81%]
tests/test_vision_handler.py::TestVisionHandler::test_call_with_retry_with_reasoning PASSED [ 81%]
tests/test_voucher_generator.py::TestSafeText::test_strips_emoji PASSED  [ 81%]
tests/test_voucher_generator.py::TestSafeText::test_keeps_chinese PASSED [ 82%]
tests/test_voucher_generator.py::TestSafeText::test_keeps_digits_and_symbols PASSED [ 82%]
tests/test_voucher_generator.py::TestSafeText::test_empty_input PASSED   [ 82%]
tests/test_voucher_generator.py::TestRocDate::test_valid_iso_date PASSED [ 83%]
tests/test_voucher_generator.py::TestRocDate::test_year_2025 PASSED      [ 83%]
tests/test_voucher_generator.py::TestRocDate::test_empty_string_returns_empty PASSED [ 83%]
tests/test_voucher_generator.py::TestRocDate::test_none_returns_empty PASSED [ 83%]
tests/test_voucher_generator.py::TestRocDate::test_whitespace_only_returns_empty PASSED [ 84%]
tests/test_voucher_generator.py::TestRocDate::test_invalid_format_returns_empty PASSED [ 84%]
tests/test_voucher_generator.py::TestRocDate::test_partial_date_returns_empty PASSED [ 84%]
tests/test_voucher_generator.py::TestPaymentAmountFormatting::test_formats_integer_amount_for_bottom_text PASSED [ 84%]
tests/test_voucher_generator.py::TestPaymentAmountFormatting::test_ignores_non_digit_amount PASSED [ 85%]
tests/test_voucher_generator.py::test_invalid_font_path_logs_warning_and_falls_back PASSED [ 85%]
tests/test_voucher_generator.py::TestAmountCells::test_pads_short_amount PASSED [ 85%]
tests/test_voucher_generator.py::TestAmountCells::test_six_digit_amount PASSED [ 86%]
tests/test_voucher_generator.py::TestAmountCells::test_amount_longer_than_cells_raises PASSED [ 86%]
tests/test_voucher_generator.py::TestAmountCells::test_empty_amount_does_nothing PASSED [ 86%]
tests/test_voucher_generator.py::TestAmountCells::test_non_digit_amount_does_nothing PASSED [ 86%]
tests/test_voucher_generator.py::TestPurposeTruncation::test_short_text_no_warning PASSED [ 87%]
tests/test_voucher_generator.py::TestPurposeTruncation::test_extremely_long_text_triggers_truncation PASSED [ 87%]
tests/test_voucher_generator.py::TestPurposeTruncation::test_empty_purpose_no_crash PASSED [ 87%]
tests/test_voucher_generator.py::TestImageStreamAntiInflation::test_small_image_not_inflated PASSED [ 87%]
tests/test_voucher_generator.py::TestImageStreamAntiInflation::test_large_image_downscaled PASSED [ 88%]
tests/test_voucher_generator.py::TestImageStreamAntiInflation::test_exact_match_no_resize PASSED [ 88%]
tests/test_voucher_generator.py::TestMissingMarker::test_renders_red_cross_drawings PASSED [ 88%]
tests/test_voucher_generator.py::TestGenerateFromLayout::test_empty_pages_still_produce_pdf PASSED [ 88%]
tests/test_voucher_generator.py::TestGenerateFromLayout::test_page_with_images_renders PASSED [ 89%]
tests/test_voucher_generator.py::TestGenerateFromLayout::test_missing_image_draws_marker PASSED [ 89%]
tests/test_voucher_generator.py::TestGenerateFromLayout::test_multi_page_skip_empty PASSED [ 89%]
tests/test_voucher_generator.py::TestGenerateFromLayout::test_deflate_and_garbage_collection PASSED [ 90%]
tests/test_voucher_layout_repo.py::TestSanitizeProjectId::test_blocks_dot_dot PASSED [ 90%]
tests/test_voucher_layout_repo.py::TestSanitizeProjectId::test_blocks_forward_slash PASSED [ 90%]
tests/test_voucher_layout_repo.py::TestSanitizeProjectId::test_blocks_backslash PASSED [ 90%]
tests/test_voucher_layout_repo.py::TestSanitizeProjectId::test_combined_traversal PASSED [ 91%]
tests/test_voucher_layout_repo.py::TestSanitizeProjectId::test_normal_id_unchanged PASSED [ 91%]
tests/test_voucher_layout_repo.py::TestSanitizeProjectId::test_empty_string_returns_unknown PASSED [ 91%]
tests/test_voucher_layout_repo.py::TestSanitizeProjectId::test_unicode_chars_sanitized PASSED [ 91%]
tests/test_voucher_layout_repo.py::TestVoucherLayoutRepository::test_load_nonexistent_returns_empty PASSED [ 92%]
tests/test_voucher_layout_repo.py::TestVoucherLayoutRepository::test_save_and_load_roundtrip PASSED [ 92%]
tests/test_voucher_layout_repo.py::TestVoucherLayoutRepository::test_atomic_write_no_tmp_leftover PASSED [ 92%]
tests/test_voucher_layout_repo.py::TestVoucherLayoutRepository::test_overwrite_existing_layout PASSED [ 93%]
tests/test_voucher_layout_repo.py::TestVoucherLayoutRepository::test_creates_directory_if_missing PASSED [ 93%]
tests/test_voucher_layout_repo.py::TestVoucherLayoutRepository::test_corrupted_json_file_returns_empty PASSED [ 93%]
tests/test_voucher_layout_repo.py::TestVoucherLayoutRepository::test_path_traversal_in_project_id PASSED [ 93%]
tests/test_voucher_payload.py::TestDraftSchema::test_all_empty_fields_accepted PASSED [ 94%]
tests/test_voucher_payload.py::TestDraftSchema::test_empty_layout_accepted PASSED [ 94%]
tests/test_voucher_payload.py::TestDraftSchema::test_page_with_empty_fields_accepted PASSED [ 94%]
tests/test_voucher_payload.py::TestDraftSchema::test_invalid_date_in_draft_accepted PASSED [ 94%]
tests/test_voucher_payload.py::TestDraftSchema::test_decimal_amount_in_draft_accepted PASSED [ 95%]
tests/test_voucher_payload.py::TestDraftSchema::test_excessive_amount_in_draft_accepted PASSED [ 95%]
tests/test_voucher_payload.py::TestStrictSchema::test_valid_payload_accepted PASSED [ 95%]
tests/test_voucher_payload.py::TestStrictSchema::test_empty_paydate_rejected PASSED [ 95%]
tests/test_voucher_payload.py::TestStrictSchema::test_invalid_paydate_rejected PASSED [ 96%]
tests/test_voucher_payload.py::TestStrictSchema::test_amount_1_million_rejected PASSED [ 96%]
tests/test_voucher_payload.py::TestStrictSchema::test_amount_999999_accepted PASSED [ 96%]
tests/test_voucher_payload.py::TestStrictSchema::test_decimal_amount_rejected PASSED [ 97%]
tests/test_voucher_payload.py::TestStrictSchema::test_non_digit_amount_rejected PASSED [ 97%]
tests/test_voucher_payload.py::TestStrictSchema::test_empty_voucherno_rejected PASSED [ 97%]
tests/test_voucher_payload.py::TestStrictSchema::test_empty_receipt_count_rejected PASSED [ 97%]
tests/test_voucher_payload.py::TestStrictSchema::test_non_digit_receipt_count_rejected PASSED [ 98%]
tests/test_voucher_payload.py::TestStrictSchema::test_image_zero_width_rejected PASSED [ 98%]
tests/test_voucher_payload.py::TestStrictSchema::test_image_zero_height_rejected PASSED [ 98%]
tests/test_voucher_payload.py::TestStrictSchema::test_image_negative_dimensions_rejected PASSED [ 98%]
tests/test_voucher_payload.py::TestStrictSchema::test_image_empty_jobid_rejected PASSED [ 99%]
tests/test_voucher_payload.py::TestStrictSchema::test_full_strict_layout_accepted PASSED [ 99%]
tests/test_voucher_security.py::test_sanitize_project_id_blocks_path_traversal_chars PASSED [ 99%]
tests/test_voucher_security.py::test_voucher_image_forbidden_response_shape PASSED [100%]

================================== FAILURES ===================================
______________________ test_worker_loop_process_success _______________________

mock_load_image = <MagicMock name='cv_imread_chinese' id='2216478562336'>
mock_engine = <MagicMock id='2216478560992'>

    @patch('backend.utils.utils.cv_imread_chinese')
    def test_worker_loop_process_success(mock_load_image, mock_engine):
        # Setup happy path
        dummy_img = np.zeros((10, 10, 3), dtype=np.uint8)
        mock_load_image.return_value = dummy_img
    
        mock_engine.receipt_processor.process.return_value = {
            "success": True,
            "result": {"header": "OK"},
            "validation": True,
            "metadata": {"stats": {}, "qr_detected": True}
        }
    
        # Simulate grabbing one task then shutting down
        def auto_shutdown(*args, **kwargs):
            mock_engine._shutdown_event.set()
            return ("proj1", "j1")
    
        mock_engine.task_queue.get.side_effect = auto_shutdown
    
        global_receipt_worker_loop(mock_engine)
    
>       mock_engine.claim_job.assert_called_once_with("proj1", "j1")

tests\test_engine_workers.py:67: 
_ _ _ _ _ _ _ _ _ _ _ _ _ _ _ _ _ _ _ _ _ _ _ _ _ _ _ _ _ _ _ _ _ _ _ _ _ _ _ _

self = <AsyncMock name='mock.claim_job' id='2216479472144'>
args = ('proj1', 'j1'), kwargs = {}
msg = "Expected 'claim_job' to be called once. Called 0 times."

    def assert_called_once_with(self, /, *args, **kwargs):
        """assert that the mock was called exactly once and that that call was
        with the specified arguments."""
        if not self.call_count == 1:
            msg = ("Expected '%s' to be called once. Called %s times.%s"
                   % (self._mock_name or 'mock',
                      self.call_count,
                      self._calls_repr()))
>           raise AssertionError(msg)
E           AssertionError: Expected 'claim_job' to be called once. Called 0 times.

..\..\..\..\AppData\Roaming\mamba\envs\OCR_GA\Lib\unittest\mock.py:960: AssertionError
---------------------------- Captured stderr call -----------------------------
2026-03-09 11:44:03 | backend.engine.workers | INFO | [Worker] VLM-First Worker 撌脣???蝑?隞餃?...
2026-03-09 11:44:03 | backend.engine.workers | INFO | [Worker] ????: proj1/j1
2026-03-09 11:44:03 | backend.engine.workers | ERROR | [Worker] Worker 餈游??啣虜: An asyncio.Future, a coroutine or an awaitable is required
Traceback (most recent call last):
  File "C:\Users\tange\Desktop\all_project\py for NKNU GA\AI_AGENT_LAB\backend\engine\workers.py", line 51, in global_receipt_worker_loop
    job = loop.run_until_complete(job_repo.get_job(job_id))
          ^^^^^^^^^^^^^^^^^^^^^^^^^^^^^^^^^^^^^^^^^^^^^^^^^
  File "C:\Users\tange\AppData\Roaming\mamba\envs\OCR_GA\Lib\asyncio\base_events.py", line 670, in run_until_complete
    future = tasks.ensure_future(future, loop=self)
             ^^^^^^^^^^^^^^^^^^^^^^^^^^^^^^^^^^^^^^
  File "C:\Users\tange\AppData\Roaming\mamba\envs\OCR_GA\Lib\asyncio\tasks.py", line 689, in ensure_future
    raise TypeError('An asyncio.Future, a coroutine or an awaitable '
TypeError: An asyncio.Future, a coroutine or an awaitable is required
2026-03-09 11:44:04 | backend.engine.workers | INFO | [Worker] Worker 撌脣?甇?
------------------------------ Captured log call ------------------------------
INFO     backend.engine.workers:workers.py:27 [Worker] VLM-First Worker 撌脣???蝑?隞餃?...
INFO     backend.engine.workers:workers.py:41 [Worker] ????: proj1/j1
ERROR    backend.engine.workers:workers.py:93 [Worker] Worker 餈游??啣虜: An asyncio.Future, a coroutine or an awaitable is required
Traceback (most recent call last):
  File "C:\Users\tange\Desktop\all_project\py for NKNU GA\AI_AGENT_LAB\backend\engine\workers.py", line 51, in global_receipt_worker_loop
    job = loop.run_until_complete(job_repo.get_job(job_id))
          ^^^^^^^^^^^^^^^^^^^^^^^^^^^^^^^^^^^^^^^^^^^^^^^^^
  File "C:\Users\tange\AppData\Roaming\mamba\envs\OCR_GA\Lib\asyncio\base_events.py", line 670, in run_until_complete
    future = tasks.ensure_future(future, loop=self)
             ^^^^^^^^^^^^^^^^^^^^^^^^^^^^^^^^^^^^^^
  File "C:\Users\tange\AppData\Roaming\mamba\envs\OCR_GA\Lib\asyncio\tasks.py", line 689, in ensure_future
    raise TypeError('An asyncio.Future, a coroutine or an awaitable '
TypeError: An asyncio.Future, a coroutine or an awaitable is required
INFO     backend.engine.workers:workers.py:96 [Worker] Worker 撌脣?甇?
___________ test_worker_loop_process_failure_from_receipt_processor ___________

mock_load_image = <MagicMock name='cv_imread_chinese' id='2216476932192'>
mock_engine = <MagicMock id='2216476933056'>

    @patch('backend.utils.utils.cv_imread_chinese')
    def test_worker_loop_process_failure_from_receipt_processor(mock_load_image, mock_engine):
        mock_load_image.return_value = np.zeros((10, 10, 3), dtype=np.uint8)
    
        mock_engine.receipt_processor.process.return_value = {
            "success": False,
            "error": "Blurry image"
        }
    
        def auto_shutdown(*args, **kwargs):
            mock_engine._shutdown_event.set()
            return ("proj1", "j1")
    
        mock_engine.task_queue.get.side_effect = auto_shutdown
    
        global_receipt_worker_loop(mock_engine)
    
>       mock_engine.claim_job.assert_called_once_with("proj1", "j1")

tests\test_engine_workers.py:93: 
_ _ _ _ _ _ _ _ _ _ _ _ _ _ _ _ _ _ _ _ _ _ _ _ _ _ _ _ _ _ _ _ _ _ _ _ _ _ _ _

self = <AsyncMock name='mock.claim_job' id='2216478746544'>
args = ('proj1', 'j1'), kwargs = {}
msg = "Expected 'claim_job' to be called once. Called 0 times."

    def assert_called_once_with(self, /, *args, **kwargs):
        """assert that the mock was called exactly once and that that call was
        with the specified arguments."""
        if not self.call_count == 1:
            msg = ("Expected '%s' to be called once. Called %s times.%s"
                   % (self._mock_name or 'mock',
                      self.call_count,
                      self._calls_repr()))
>           raise AssertionError(msg)
E           AssertionError: Expected 'claim_job' to be called once. Called 0 times.

..\..\..\..\AppData\Roaming\mamba\envs\OCR_GA\Lib\unittest\mock.py:960: AssertionError
---------------------------- Captured stderr call -----------------------------
2026-03-09 11:44:04 | backend.engine.workers | INFO | [Worker] VLM-First Worker 撌脣???蝑?隞餃?...
2026-03-09 11:44:04 | backend.engine.workers | INFO | [Worker] ????: proj1/j1
2026-03-09 11:44:04 | backend.engine.workers | ERROR | [Worker] Worker 餈游??啣虜: An asyncio.Future, a coroutine or an awaitable is required
Traceback (most recent call last):
  File "C:\Users\tange\Desktop\all_project\py for NKNU GA\AI_AGENT_LAB\backend\engine\workers.py", line 51, in global_receipt_worker_loop
    job = loop.run_until_complete(job_repo.get_job(job_id))
          ^^^^^^^^^^^^^^^^^^^^^^^^^^^^^^^^^^^^^^^^^^^^^^^^^
  File "C:\Users\tange\AppData\Roaming\mamba\envs\OCR_GA\Lib\asyncio\base_events.py", line 670, in run_until_complete
    future = tasks.ensure_future(future, loop=self)
             ^^^^^^^^^^^^^^^^^^^^^^^^^^^^^^^^^^^^^^
  File "C:\Users\tange\AppData\Roaming\mamba\envs\OCR_GA\Lib\asyncio\tasks.py", line 689, in ensure_future
    raise TypeError('An asyncio.Future, a coroutine or an awaitable '
TypeError: An asyncio.Future, a coroutine or an awaitable is required
2026-03-09 11:44:05 | backend.engine.workers | INFO | [Worker] Worker 撌脣?甇?
------------------------------ Captured log call ------------------------------
INFO     backend.engine.workers:workers.py:27 [Worker] VLM-First Worker 撌脣???蝑?隞餃?...
INFO     backend.engine.workers:workers.py:41 [Worker] ????: proj1/j1
ERROR    backend.engine.workers:workers.py:93 [Worker] Worker 餈游??啣虜: An asyncio.Future, a coroutine or an awaitable is required
Traceback (most recent call last):
  File "C:\Users\tange\Desktop\all_project\py for NKNU GA\AI_AGENT_LAB\backend\engine\workers.py", line 51, in global_receipt_worker_loop
    job = loop.run_until_complete(job_repo.get_job(job_id))
          ^^^^^^^^^^^^^^^^^^^^^^^^^^^^^^^^^^^^^^^^^^^^^^^^^
  File "C:\Users\tange\AppData\Roaming\mamba\envs\OCR_GA\Lib\asyncio\base_events.py", line 670, in run_until_complete
    future = tasks.ensure_future(future, loop=self)
             ^^^^^^^^^^^^^^^^^^^^^^^^^^^^^^^^^^^^^^
  File "C:\Users\tange\AppData\Roaming\mamba\envs\OCR_GA\Lib\asyncio\tasks.py", line 689, in ensure_future
    raise TypeError('An asyncio.Future, a coroutine or an awaitable '
TypeError: An asyncio.Future, a coroutine or an awaitable is required
INFO     backend.engine.workers:workers.py:96 [Worker] Worker 撌脣?甇?
__________________ test_worker_loop_process_image_load_error __________________

mock_load_image = <MagicMock name='cv_imread_chinese' id='2216480451488'>
mock_engine = <MagicMock id='2216480454608'>

    @patch('backend.utils.utils.cv_imread_chinese')
    def test_worker_loop_process_image_load_error(mock_load_image, mock_engine):
        # Test handling of FileNotFoundError during _load_image
        mock_load_image.side_effect = FileNotFoundError("Missing file")
    
        def auto_shutdown(*args, **kwargs):
            mock_engine._shutdown_event.set()
            return ("proj1", "j1")
    
        mock_engine.task_queue.get.side_effect = auto_shutdown
    
        global_receipt_worker_loop(mock_engine)
    
>       mock_engine.fail_job.assert_called_once_with("proj1", "j1", "??霈?仃?? Missing file")

tests\test_engine_workers.py:109: 
_ _ _ _ _ _ _ _ _ _ _ _ _ _ _ _ _ _ _ _ _ _ _ _ _ _ _ _ _ _ _ _ _ _ _ _ _ _ _ _

self = <AsyncMock name='mock.fail_job' id='2216475335408'>
args = ('proj1', 'j1', '??霈?仃?? Missing file'), kwargs = {}
msg = "Expected 'fail_job' to be called once. Called 0 times."

    def assert_called_once_with(self, /, *args, **kwargs):
        """assert that the mock was called exactly once and that that call was
        with the specified arguments."""
        if not self.call_count == 1:
            msg = ("Expected '%s' to be called once. Called %s times.%s"
                   % (self._mock_name or 'mock',
                      self.call_count,
                      self._calls_repr()))
>           raise AssertionError(msg)
E           AssertionError: Expected 'fail_job' to be called once. Called 0 times.

..\..\..\..\AppData\Roaming\mamba\envs\OCR_GA\Lib\unittest\mock.py:960: AssertionError
---------------------------- Captured stderr call -----------------------------
2026-03-09 11:44:05 | backend.engine.workers | INFO | [Worker] VLM-First Worker 撌脣???蝑?隞餃?...
2026-03-09 11:44:05 | backend.engine.workers | INFO | [Worker] ????: proj1/j1
2026-03-09 11:44:05 | backend.engine.workers | ERROR | [Worker] Worker 餈游??啣虜: An asyncio.Future, a coroutine or an awaitable is required
Traceback (most recent call last):
  File "C:\Users\tange\Desktop\all_project\py for NKNU GA\AI_AGENT_LAB\backend\engine\workers.py", line 51, in global_receipt_worker_loop
    job = loop.run_until_complete(job_repo.get_job(job_id))
          ^^^^^^^^^^^^^^^^^^^^^^^^^^^^^^^^^^^^^^^^^^^^^^^^^
  File "C:\Users\tange\AppData\Roaming\mamba\envs\OCR_GA\Lib\asyncio\base_events.py", line 670, in run_until_complete
    future = tasks.ensure_future(future, loop=self)
             ^^^^^^^^^^^^^^^^^^^^^^^^^^^^^^^^^^^^^^
  File "C:\Users\tange\AppData\Roaming\mamba\envs\OCR_GA\Lib\asyncio\tasks.py", line 689, in ensure_future
    raise TypeError('An asyncio.Future, a coroutine or an awaitable '
TypeError: An asyncio.Future, a coroutine or an awaitable is required
2026-03-09 11:44:06 | backend.engine.workers | INFO | [Worker] Worker 撌脣?甇?
------------------------------ Captured log call ------------------------------
INFO     backend.engine.workers:workers.py:27 [Worker] VLM-First Worker 撌脣???蝑?隞餃?...
INFO     backend.engine.workers:workers.py:41 [Worker] ????: proj1/j1
ERROR    backend.engine.workers:workers.py:93 [Worker] Worker 餈游??啣虜: An asyncio.Future, a coroutine or an awaitable is required
Traceback (most recent call last):
  File "C:\Users\tange\Desktop\all_project\py for NKNU GA\AI_AGENT_LAB\backend\engine\workers.py", line 51, in global_receipt_worker_loop
    job = loop.run_until_complete(job_repo.get_job(job_id))
          ^^^^^^^^^^^^^^^^^^^^^^^^^^^^^^^^^^^^^^^^^^^^^^^^^
  File "C:\Users\tange\AppData\Roaming\mamba\envs\OCR_GA\Lib\asyncio\base_events.py", line 670, in run_until_complete
    future = tasks.ensure_future(future, loop=self)
             ^^^^^^^^^^^^^^^^^^^^^^^^^^^^^^^^^^^^^^
  File "C:\Users\tange\AppData\Roaming\mamba\envs\OCR_GA\Lib\asyncio\tasks.py", line 689, in ensure_future
    raise TypeError('An asyncio.Future, a coroutine or an awaitable '
TypeError: An asyncio.Future, a coroutine or an awaitable is required
INFO     backend.engine.workers:workers.py:96 [Worker] Worker 撌脣?甇?
=========================== short test summary info ===========================
FAILED tests/test_engine_workers.py::test_worker_loop_process_success - Asser...
FAILED tests/test_engine_workers.py::test_worker_loop_process_failure_from_receipt_processor
FAILED tests/test_engine_workers.py::test_worker_loop_process_image_load_error
======================= 3 failed, 369 passed in 20.37s ========================
