============================= test session starts =============================
platform win32 -- Python 3.12.12, pytest-9.0.2, pluggy-1.6.0 -- C:\Users\tange\AppData\Roaming\mamba\envs\OCR_GA\python.exe
cachedir: .pytest_cache
rootdir: C:\Users\tange\Desktop\all_project\py for NKNU GA\AI_AGENT_LAB
configfile: pytest.ini
plugins: anyio-4.12.1, asyncio-1.3.0, cov-7.0.0, timeout-2.4.0
asyncio: mode=Mode.STRICT, debug=False, asyncio_default_fixture_loop_scope=None, asyncio_default_test_loop_scope=function
collecting ... collected 68 items

tests/test_voucher_payload.py::TestDraftSchema::test_all_empty_fields_accepted PASSED [  1%]
tests/test_voucher_payload.py::TestDraftSchema::test_empty_layout_accepted PASSED [  2%]
tests/test_voucher_payload.py::TestDraftSchema::test_page_with_empty_fields_accepted PASSED [  4%]
tests/test_voucher_payload.py::TestDraftSchema::test_invalid_date_in_draft_accepted PASSED [  5%]
tests/test_voucher_payload.py::TestDraftSchema::test_decimal_amount_in_draft_accepted PASSED [  7%]
tests/test_voucher_payload.py::TestDraftSchema::test_excessive_amount_in_draft_accepted PASSED [  8%]
tests/test_voucher_payload.py::TestStrictSchema::test_valid_payload_accepted PASSED [ 10%]
tests/test_voucher_payload.py::TestStrictSchema::test_empty_paydate_rejected PASSED [ 11%]
tests/test_voucher_payload.py::TestStrictSchema::test_invalid_paydate_rejected PASSED [ 13%]
tests/test_voucher_payload.py::TestStrictSchema::test_amount_1_million_rejected PASSED [ 14%]
tests/test_voucher_payload.py::TestStrictSchema::test_amount_999999_accepted PASSED [ 16%]
tests/test_voucher_payload.py::TestStrictSchema::test_decimal_amount_rejected PASSED [ 17%]
tests/test_voucher_payload.py::TestStrictSchema::test_non_digit_amount_rejected PASSED [ 19%]
tests/test_voucher_payload.py::TestStrictSchema::test_empty_voucherno_rejected PASSED [ 20%]
tests/test_voucher_payload.py::TestStrictSchema::test_empty_receipt_count_rejected PASSED [ 22%]
tests/test_voucher_payload.py::TestStrictSchema::test_non_digit_receipt_count_rejected PASSED [ 23%]
tests/test_voucher_payload.py::TestStrictSchema::test_image_zero_width_rejected PASSED [ 25%]
tests/test_voucher_payload.py::TestStrictSchema::test_image_zero_height_rejected PASSED [ 26%]
tests/test_voucher_payload.py::TestStrictSchema::test_image_negative_dimensions_rejected PASSED [ 27%]
tests/test_voucher_payload.py::TestStrictSchema::test_image_empty_jobid_rejected PASSED [ 29%]
tests/test_voucher_payload.py::TestStrictSchema::test_full_strict_layout_accepted PASSED [ 30%]
tests/test_routers_voucher.py::test_generate_voucher_returns_pdf_file_response PASSED [ 32%]
tests/test_routers_voucher.py::test_get_kaiu_font_returns_ttf_file PASSED [ 33%]
tests/test_routers_voucher.py::test_get_voucher_text_config_returns_shared_field_map PASSED [ 35%]
tests/test_routers_voucher.py::test_get_template_returns_done_invoices_with_result PASSED [ 36%]
tests/test_routers_voucher.py::test_layout_save_and_load PASSED          [ 38%]
tests/test_routers_voucher.py::test_generate_rejects_unauthorized_jobid PASSED [ 39%]
tests/test_routers_voucher.py::test_generate_strict_amount_validation_422 PASSED [ 41%]
tests/test_routers_voucher.py::test_generate_returns_422_when_generator_rejects_amount_cells PASSED [ 42%]
tests/test_routers_voucher.py::test_generate_success_returns_pdf_file PASSED [ 44%]
tests/test_routers_voucher.py::test_generate_missing_image_still_outputs_pdf PASSED [ 45%]
tests/test_routers_voucher.py::test_layout_draft_accepts_empty_paydate PASSED [ 47%]
tests/test_routers_voucher.py::test_generate_strict_rejects_empty_paydate PASSED [ 48%]
tests/test_routers_voucher.py::test_generate_strict_rejects_decimal_amount PASSED [ 50%]
tests/test_routers_voucher.py::test_generate_strict_rejects_non_digit_amount PASSED [ 51%]
tests/test_routers_voucher.py::test_generate_strict_rejects_zero_width_image PASSED [ 52%]
tests/test_routers_voucher.py::test_layout_draft_accepts_invalid_date PASSED [ 54%]
tests/test_voucher_generator.py::TestSafeText::test_strips_emoji PASSED  [ 55%]
tests/test_voucher_generator.py::TestSafeText::test_keeps_chinese PASSED [ 57%]
tests/test_voucher_generator.py::TestSafeText::test_keeps_digits_and_symbols PASSED [ 58%]
tests/test_voucher_generator.py::TestSafeText::test_empty_input PASSED   [ 60%]
tests/test_voucher_generator.py::TestRocDate::test_valid_iso_date PASSED [ 61%]
tests/test_voucher_generator.py::TestRocDate::test_year_2025 PASSED      [ 63%]
tests/test_voucher_generator.py::TestRocDate::test_empty_string_returns_empty PASSED [ 64%]
tests/test_voucher_generator.py::TestRocDate::test_none_returns_empty PASSED [ 66%]
tests/test_voucher_generator.py::TestRocDate::test_whitespace_only_returns_empty PASSED [ 67%]
tests/test_voucher_generator.py::TestRocDate::test_invalid_format_returns_empty PASSED [ 69%]
tests/test_voucher_generator.py::TestRocDate::test_partial_date_returns_empty PASSED [ 70%]
tests/test_voucher_generator.py::TestPaymentAmountFormatting::test_formats_integer_amount_for_bottom_text PASSED [ 72%]
tests/test_voucher_generator.py::TestPaymentAmountFormatting::test_ignores_non_digit_amount PASSED [ 73%]
tests/test_voucher_generator.py::test_invalid_font_path_logs_warning_and_falls_back PASSED [ 75%]
tests/test_voucher_generator.py::TestAmountCells::test_pads_short_amount PASSED [ 76%]
tests/test_voucher_generator.py::TestAmountCells::test_six_digit_amount PASSED [ 77%]
tests/test_voucher_generator.py::TestAmountCells::test_amount_longer_than_cells_raises PASSED [ 79%]
tests/test_voucher_generator.py::TestAmountCells::test_empty_amount_does_nothing PASSED [ 80%]
tests/test_voucher_generator.py::TestAmountCells::test_non_digit_amount_does_nothing PASSED [ 82%]
tests/test_voucher_generator.py::TestPurposeTruncation::test_short_text_no_warning PASSED [ 83%]
tests/test_voucher_generator.py::TestPurposeTruncation::test_extremely_long_text_triggers_truncation PASSED [ 85%]
tests/test_voucher_generator.py::TestPurposeTruncation::test_empty_purpose_no_crash PASSED [ 86%]
tests/test_voucher_generator.py::TestImageStreamAntiInflation::test_small_image_not_inflated PASSED [ 88%]
tests/test_voucher_generator.py::TestImageStreamAntiInflation::test_large_image_downscaled PASSED [ 89%]
tests/test_voucher_generator.py::TestImageStreamAntiInflation::test_exact_match_no_resize PASSED [ 91%]
tests/test_voucher_generator.py::TestMissingMarker::test_renders_red_cross_drawings PASSED [ 92%]
tests/test_voucher_generator.py::TestGenerateFromLayout::test_empty_pages_still_produce_pdf PASSED [ 94%]
tests/test_voucher_generator.py::TestGenerateFromLayout::test_page_with_images_renders PASSED [ 95%]
tests/test_voucher_generator.py::TestGenerateFromLayout::test_missing_image_draws_marker PASSED [ 97%]
tests/test_voucher_generator.py::TestGenerateFromLayout::test_multi_page_skip_empty PASSED [ 98%]
tests/test_voucher_generator.py::TestGenerateFromLayout::test_deflate_and_garbage_collection PASSED [100%]

============================= 68 passed in 2.09s ==============================
