============================= test session starts =============================
collected 217 items

tests\test_api.py FFFFF.....FFFFFFFFsFFFF                                [ 10%]
tests\test_api_full.py FFFFFFFsF                                         [ 14%]
tests\test_archive_handler.py FFFFF                                      [ 17%]
tests\test_classifier.py ............                                    [ 22%]
tests\test_engine.py EEEEEEEEEEEEEEEEEEEEEEE                             [ 33%]
tests\test_excel_exporter.py FFFF..                                      [ 35%]
tests\test_file_ops.py ....ss.ssFs                                       [ 41%]
tests\test_integration.py EEEEEF                                         [ 43%]
tests\test_job_repository.py EEEEEEEEEEEEE                               [ 49%]
tests\test_manual_correction.py EEEEE                                    [ 52%]
tests\test_perspective_transform.py ...............                      [ 58%]
tests\test_processing.py .........                                       [ 63%]
tests\test_python_validator.py .....................                     [ 72%]
tests\test_qr_handler.py .......                                         [ 76%]
tests\test_rapidocr_handler.py ......                                    [ 78%]
tests\test_receipt_processor.py ........                                 [ 82%]
tests\test_receipt_splitter.py ..............                            [ 88%]
tests\test_utils.py .........                                            [ 93%]
tests\test_vision_handler.py ........                                    [ 96%]
tests\test_workers.py ....F.F                                            [100%]

============================== warnings summary ===============================
tests/test_api_full.py::TestBackendAPI::test_05_run_split
  C:\Users\tange\Desktop\all_project\py for NKNU GA\AI_AGENT_LAB\tests\test_api_full.py:82: RuntimeWarning: coroutine 'JobRepository.insert_job' was never awaited
    tm.insert_job("split_1", "split_1.jpg")
  Enable tracemalloc to get traceback where the object was allocated.
  See https://docs.pytest.org/en/stable/how-to/capture-warnings.html#resource-warnings for more info.

tests/test_api_full.py::TestBackendAPI::test_05_run_split
  C:\Users\tange\Desktop\all_project\py for NKNU GA\AI_AGENT_LAB\tests\test_api_full.py:83: RuntimeWarning: coroutine 'JobRepository.insert_job' was never awaited
    tm.insert_job("split_2", "split_2.jpg")
  Enable tracemalloc to get traceback where the object was allocated.
  See https://docs.pytest.org/en/stable/how-to/capture-warnings.html#resource-warnings for more info.

tests/test_api_full.py::TestBackendAPI::test_05_run_split
  C:\Users\tange\Desktop\all_project\py for NKNU GA\AI_AGENT_LAB\tests\test_api_full.py:85: RuntimeWarning: coroutine 'ProjectRepository.update_project_status' was never awaited
    cls.engine.project_repo.update_project_status(project_id, "SPLIT")
  Enable tracemalloc to get traceback where the object was allocated.
  See https://docs.pytest.org/en/stable/how-to/capture-warnings.html#resource-warnings for more info.

tests/test_archive_handler.py::TestArchiveHandler::test_seal_nonexistent_project
  C:\Users\tange\Desktop\all_project\py for NKNU GA\AI_AGENT_LAB\tests\test_archive_handler.py:79: RuntimeWarning: coroutine 'ArchiveHandler.seal_project' was never awaited
    handler.seal_project("ghost_project")
  Enable tracemalloc to get traceback where the object was allocated.
  See https://docs.pytest.org/en/stable/how-to/capture-warnings.html#resource-warnings for more info.

tests/test_archive_handler.py::TestArchiveHandler::test_seal_with_debug
  C:\Users\tange\AppData\Roaming\mamba\envs\OCR_GA\Lib\unittest\mock.py:2217: RuntimeWarning: coroutine 'ArchiveHandler.seal_project' was never awaited
    def __init__(self, name, parent):
  Enable tracemalloc to get traceback where the object was allocated.
  See https://docs.pytest.org/en/stable/how-to/capture-warnings.html#resource-warnings for more info.

tests/test_archive_handler.py::TestArchiveHandler::test_seal_updates_status
  C:\Users\tange\Desktop\all_project\py for NKNU GA\AI_AGENT_LAB\tests\test_archive_handler.py:94: RuntimeWarning: coroutine 'ArchiveHandler.seal_project' was never awaited
    handler.seal_project("my_project")
  Enable tracemalloc to get traceback where the object was allocated.
  See https://docs.pytest.org/en/stable/how-to/capture-warnings.html#resource-warnings for more info.

tests/test_archive_handler.py::TestArchiveHandler::test_seal_updates_status
  C:\Users\tange\AppData\Roaming\mamba\envs\OCR_GA\Lib\contextlib.py:108: RuntimeWarning: coroutine 'ArchiveHandler.seal_project' was never awaited
    doc = getattr(func, "__doc__", None)
  Enable tracemalloc to get traceback where the object was allocated.
  See https://docs.pytest.org/en/stable/how-to/capture-warnings.html#resource-warnings for more info.

tests/test_excel_exporter.py::TestArchiveToExcel::test_export_empty_project
  C:\Users\tange\Desktop\all_project\py for NKNU GA\AI_AGENT_LAB\tests\test_excel_exporter.py:66: RuntimeWarning: coroutine 'ExcelExporter.archive_to_excel' was never awaited
    exporter.archive_to_excel("test_project")
  Enable tracemalloc to get traceback where the object was allocated.
  See https://docs.pytest.org/en/stable/how-to/capture-warnings.html#resource-warnings for more info.

tests/test_excel_exporter.py::TestArchiveToExcel::test_export_nonexistent_project
  C:\Users\tange\Desktop\all_project\py for NKNU GA\AI_AGENT_LAB\tests\test_excel_exporter.py:114: RuntimeWarning: coroutine 'ExcelExporter.archive_to_excel' was never awaited
    exporter.archive_to_excel("ghost_project")
  Enable tracemalloc to get traceback where the object was allocated.
  See https://docs.pytest.org/en/stable/how-to/capture-warnings.html#resource-warnings for more info.

tests/test_file_ops.py::TestFileOps::test_get_raw_files_counts_splits
  C:\Users\tange\AppData\Roaming\mamba\envs\OCR_GA\Lib\unittest\mock.py:2217: RuntimeWarning: coroutine 'ExcelExporter.archive_to_excel' was never awaited
    def __init__(self, name, parent):
  Enable tracemalloc to get traceback where the object was allocated.
  See https://docs.pytest.org/en/stable/how-to/capture-warnings.html#resource-warnings for more info.

tests/test_file_ops.py::TestFileOps::test_add_project_files_invalid_type
  C:\Users\tange\Desktop\all_project\py for NKNU GA\AI_AGENT_LAB\tests\test_file_ops.py:203: RuntimeWarning: coroutine 'FileOps.add_project_files' was never awaited
    file_ops.add_project_files("test_project", ["file.jpg"], type="invalid")
  Enable tracemalloc to get traceback where the object was allocated.
  See https://docs.pytest.org/en/stable/how-to/capture-warnings.html#resource-warnings for more info.

tests/test_qr_handler.py::TestQRHandler::test_parse_taiwan_einvoice_qr_invalid_date
  C:\Users\tange\AppData\Roaming\mamba\envs\OCR_GA\Lib\site-packages\torch\serialization.py:2060: RuntimeWarning: coroutine 'ArchiveHandler.seal_project' was never awaited
    zip_file.get_storage_from_record(name, numel, torch.UntypedStorage)
  Enable tracemalloc to get traceback where the object was allocated.
  See https://docs.pytest.org/en/stable/how-to/capture-warnings.html#resource-warnings for more info.

tests/test_receipt_processor.py::TestReceiptProcessor::test_create_error_result
  C:\Users\tange\AppData\Roaming\mamba\envs\OCR_GA\Lib\unittest\mock.py:404: RuntimeWarning: coroutine 'SuggestionRepository.build_rag_context' was never awaited
    def __init__(self, /, *args, **kwargs):
  Enable tracemalloc to get traceback where the object was allocated.
  See https://docs.pytest.org/en/stable/how-to/capture-warnings.html#resource-warnings for more info.

-- Docs: https://docs.pytest.org/en/stable/how-to/capture-warnings.html
=========================== short test summary info ===========================
FAILED tests/test_api.py::TestAPIProjectCRUD::test_list_projects - TypeError:...
FAILED tests/test_api.py::TestAPIProjectCRUD::test_create_project - assert 50...
FAILED tests/test_api.py::TestAPIProjectCRUD::test_update_project - assert 50...
FAILED tests/test_api.py::TestAPIProjectCRUD::test_delete_project - assert 50...
FAILED tests/test_api.py::TestAPIProjectCRUD::test_get_project_status - asser...
FAILED tests/test_api.py::TestAPIProcessing::test_run_split - assert 500 == 200
FAILED tests/test_api.py::TestAPIProcessing::test_run_split_single - assert 5...
FAILED tests/test_api.py::TestAPIProcessing::test_run_processing - assert 500...
FAILED tests/test_api.py::TestAPIProcessing::test_run_single_processing - ass...
FAILED tests/test_api.py::TestAPIJobs::test_delete_job - assert 500 == 200
FAILED tests/test_api.py::TestAPIJobs::test_get_project_jobs - assert 500 == 200
FAILED tests/test_api.py::TestAPIExport::test_run_export - assert 500 == 200
FAILED tests/test_api.py::TestAPIExport::test_run_archive - assert 500 == 200
FAILED tests/test_api.py::TestAPIActivityInfo::test_update_activity_info - as...
FAILED tests/test_api.py::TestAPIGroups::test_list_groups - assert 500 == 200
FAILED tests/test_api.py::TestAPIGroups::test_upsert_group - assert 500 == 200
FAILED tests/test_api.py::TestAPIGroups::test_delete_group - assert 500 == 200
FAILED tests/test_api_full.py::TestBackendAPI::test_01_create_project - Asser...
FAILED tests/test_api_full.py::TestBackendAPI::test_02_list_projects - TypeEr...
FAILED tests/test_api_full.py::TestBackendAPI::test_03_update_activity_info
FAILED tests/test_api_full.py::TestBackendAPI::test_04_groups_management - As...
FAILED tests/test_api_full.py::TestBackendAPI::test_05_run_split - AssertionE...
FAILED tests/test_api_full.py::TestBackendAPI::test_06_run_processing - Asser...
FAILED tests/test_api_full.py::TestBackendAPI::test_08_export_archive - Asser...
FAILED tests/test_api_full.py::TestBackendAPI::test_10_delete_project - Asser...
FAILED tests/test_archive_handler.py::TestArchiveHandler::test_seal_project_zip
FAILED tests/test_archive_handler.py::TestArchiveHandler::test_seal_project_excludes_raw
FAILED tests/test_archive_handler.py::TestArchiveHandler::test_seal_nonexistent_project
FAILED tests/test_archive_handler.py::TestArchiveHandler::test_seal_with_debug
FAILED tests/test_archive_handler.py::TestArchiveHandler::test_seal_updates_status
FAILED tests/test_excel_exporter.py::TestArchiveToExcel::test_export_empty_project
FAILED tests/test_excel_exporter.py::TestArchiveToExcel::test_export_with_jobs
FAILED tests/test_excel_exporter.py::TestArchiveToExcel::test_export_with_custom_name
FAILED tests/test_excel_exporter.py::TestArchiveToExcel::test_export_nonexistent_project
FAILED tests/test_file_ops.py::TestFileOps::test_add_project_files_invalid_type
FAILED tests/test_integration.py::TestAPIFullWorkflow::test_api_project_lifecycle
FAILED tests/test_workers.py::TestWorkerLoop::test_worker_processes_task - As...
FAILED tests/test_workers.py::TestWorkerLoop::test_worker_handles_processing_error
ERROR tests/test_engine.py::TestEngineProjectManagement::test_create_project_new
ERROR tests/test_engine.py::TestEngineProjectManagement::test_create_project_already_exists
ERROR tests/test_engine.py::TestEngineProjectManagement::test_get_task_manager_creates_singleton
ERROR tests/test_engine.py::TestEngineFileOps::test_run_splitting - TypeError...
ERROR tests/test_engine.py::TestEngineFileOps::test_get_raw_files_empty - Typ...
ERROR tests/test_engine.py::TestEngineFileOps::test_get_raw_files_with_files
ERROR tests/test_engine.py::TestEngineFileOps::test_add_project_files_raw - T...
ERROR tests/test_engine.py::TestEngineFileOps::test_add_project_files_split
ERROR tests/test_engine.py::TestEngineFileOps::test_rotate_image - TypeError:...
ERROR tests/test_engine.py::TestEngineFileOps::test_delete_raw_file - TypeErr...
ERROR tests/test_engine.py::TestEngineFileOps::test_delete_raw_file_not_found
ERROR tests/test_engine.py::TestEngineProcessing::test_run_processing_queues_jobs
ERROR tests/test_engine.py::TestEngineProcessing::test_run_processing_skips_done_jobs
ERROR tests/test_engine.py::TestEngineProcessing::test_run_single_processing
ERROR tests/test_engine.py::TestEngineProcessing::test_run_single_processing_not_found
ERROR tests/test_engine.py::TestEngineJobManagement::test_delete_job - TypeEr...
ERROR tests/test_engine.py::TestEngineExport::test_run_excel - TypeError: Pro...
ERROR tests/test_engine.py::TestEngineExport::test_archive_project - TypeErro...
ERROR tests/test_engine.py::TestEngineExport::test_regenerate_project - TypeE...
ERROR tests/test_engine.py::TestEngineGroups::test_upsert_group - TypeError: ...
ERROR tests/test_engine.py::TestEngineGroups::test_list_groups - TypeError: P...
ERROR tests/test_engine.py::TestEngineGroups::test_delete_group - TypeError: ...
ERROR tests/test_engine.py::TestEngineGroups::test_update_activity_info - Typ...
ERROR tests/test_integration.py::TestFullProjectLifecycle::test_complete_workflow_engine
ERROR tests/test_integration.py::TestPartialReprocessing::test_single_job_reprocessing
ERROR tests/test_integration.py::TestPartialReprocessing::test_single_llm_reprocessing
ERROR tests/test_integration.py::TestGroupManagementFlow::test_group_lifecycle
ERROR tests/test_integration.py::TestFileManagementFlow::test_file_lifecycle
ERROR tests/test_job_repository.py::TestJobRepository::test_init_creates_tables
ERROR tests/test_job_repository.py::TestJobRepository::test_insert_and_get_job
ERROR tests/test_job_repository.py::TestJobRepository::test_insert_job_default_status
ERROR tests/test_job_repository.py::TestJobRepository::test_get_non_existent_job
ERROR tests/test_job_repository.py::TestJobRepository::test_update_job - Type...
ERROR tests/test_job_repository.py::TestJobRepository::test_update_non_existent_job
ERROR tests/test_job_repository.py::TestJobRepository::test_delete_job - Type...
ERROR tests/test_job_repository.py::TestJobRepository::test_list_jobs - TypeE...
ERROR tests/test_job_repository.py::TestJobRepository::test_count_jobs - Type...
ERROR tests/test_job_repository.py::TestJobRepository::test_complete_vlm - Ty...
ERROR tests/test_job_repository.py::TestJobRepository::test_emit_event - Type...
ERROR tests/test_job_repository.py::TestJobRepository::test_mark_stale_as_failed
ERROR tests/test_job_repository.py::TestJobRepository::test_has_pending_work
ERROR tests/test_manual_correction.py::TestManualCorrectionWorkflow::test_save_and_retrieve_manual_json
ERROR tests/test_manual_correction.py::TestManualCorrectionWorkflow::test_regenerate_from_manual_text
ERROR tests/test_manual_correction.py::TestManualCorrectionWorkflow::test_full_manual_correction_workflow
ERROR tests/test_manual_correction.py::TestManualCorrectionWorkflow::test_manual_correction_persists
ERROR tests/test_manual_correction.py::TestManualCorrectionWorkflow::test_get_display_result_precedence
====== 38 failed, 126 passed, 7 skipped, 13 warnings, 46 errors in 9.12s ======
C:\Users\tange\AppData\Roaming\mamba\envs\OCR_GA\Lib\site-packages\_pytest\unraisableexception.py:33: RuntimeWarning: coroutine 'SuggestionRepository.build_rag_context' was never awaited
  gc.collect()
RuntimeWarning: Enable tracemalloc to get the object allocation traceback
